[2016.02.22-13.23.01:741][  0]Log file open, 02/22/16 13:23:01
[2016.02.22-13.23.01:741][  0]LogInit:Display: Running engine for game: FYPProject
[2016.02.22-13.23.01:741][  0]LogInit:Display: RandInit(401350232) SRandInit(401350232).
[2016.02.22-13.23.01:741][  0]LogTaskGraph: Started task graph with 4 named threads and 7 total threads.
[2016.02.22-13.23.01:741][  0]LogStats: Stats thread started at 0.323316
[2016.02.22-13.23.01:741][  0]LogInit: Version: 4.9.2-2707645+++depot+UE4-Releases+4.9
[2016.02.22-13.23.01:741][  0]LogInit: API Version: 2672455
[2016.02.22-13.23.01:741][  0]LogInit: Compiled (64-bit): Sep 28 2015 10:25:44
[2016.02.22-13.23.01:741][  0]LogInit: Compiled with Visual C++: 18.00.21005.01
[2016.02.22-13.23.01:741][  0]LogInit: Build Configuration: Development
[2016.02.22-13.23.01:741][  0]LogInit: Branch Name: ++depot+UE4-Releases+4.9
[2016.02.22-13.23.01:741][  0]LogInit: Command line:  
[2016.02.22-13.23.01:741][  0]LogInit: Base directory: A:/Program Files/Epic Games/4.9/Engine/Binaries/Win64/
[2016.02.22-13.23.01:741][  0]LogInit: Rocket: 1
[2016.02.22-13.23.01:772][  0]LogInit: Using libcurl 7.41.0
[2016.02.22-13.23.01:772][  0]LogInit:  - built for x86_64-pc-win32
[2016.02.22-13.23.01:772][  0]LogInit:  - supports SSL with WinSSL
[2016.02.22-13.23.01:772][  0]LogInit:  - other features:
[2016.02.22-13.23.01:772][  0]LogInit:      CURL_VERSION_SSL
[2016.02.22-13.23.01:772][  0]LogInit:      CURL_VERSION_IPV6
[2016.02.22-13.23.01:772][  0]LogInit:      CURL_VERSION_ASYNCHDNS
[2016.02.22-13.23.01:772][  0]LogInit:      CURL_VERSION_LARGEFILE
[2016.02.22-13.23.01:772][  0]LogInit:      CURL_VERSION_IDN
[2016.02.22-13.23.01:772][  0]LogInit:  CurlRequestOptions (configurable via config and command line):
[2016.02.22-13.23.01:772][  0]LogInit:  - bVerifyPeer = true  - Libcurl will verify peer certificate
[2016.02.22-13.23.01:772][  0]LogInit:  - bUseHttpProxy = false  - Libcurl will NOT use HTTP proxy
[2016.02.22-13.23.01:772][  0]LogInit:  - bDontReuseConnections = false  - Libcurl will reuse connections
[2016.02.22-13.23.01:772][  0]LogInit:  - CertBundlePath = nullptr  - Libcurl will use whatever was configured at build time.
[2016.02.22-13.23.01:835][  0]LogInit: Presizing for 0 objects not considered by GC, pre-allocating 0 bytes.
[2016.02.22-13.23.01:850][  0]LogInit: Object subsystem initialized
[2016.02.22-13.23.01:850][  0]LogInit: Selected Device Profile: [Windows]
[2016.02.22-13.23.01:850][  0]LogInit: Applying CVar settings loaded from the selected device profile: [Windows]
[2016.02.22-13.23.01:866][  0]LogInit: Computer: FSS-VOYAGERII
[2016.02.22-13.23.01:866][  0]LogInit: User: IrishMTS
[2016.02.22-13.23.01:866][  0]LogInit: CPU Page size=4096, Cores=4
[2016.02.22-13.23.01:866][  0]LogInit: High frequency timer resolution =3.417971 MHz
[2016.02.22-13.23.01:866][  0]LogMemory: Memory total: Physical=7.9GB (8GB approx)
[2016.02.22-13.23.01:866][  0]LogMemory: Platform Memory Stats for Windows
[2016.02.22-13.23.01:866][  0]LogMemory: Process Physical Memory: 54.04 MB used, 54.04 MB peak
[2016.02.22-13.23.01:866][  0]LogMemory: Process Virtual Memory: 55.24 MB used, 55.24 MB peak
[2016.02.22-13.23.01:866][  0]LogMemory: Physical Memory: 2100.14 MB used, 8060.57 MB total
[2016.02.22-13.23.01:866][  0]LogMemory: Virtual Memory: 368.26 MB used, 134217728.00 MB total
[2016.02.22-13.23.02:230][  0]LogTextLocalizationManager: No specific translations for ('en-IE') exist, so ('en') translations will be used.
[2016.02.22-13.23.03:041][  0]LogD3D11RHI: Found D3D11 adapter 0: NVIDIA GeForce GTX 760 (Feature Level 11_0)
[2016.02.22-13.23.03:041][  0]LogD3D11RHI: Adapter has 4026MB of dedicated video memory, 0MB of dedicated system memory, and 4030MB of shared system memory, 2 output[s]
[2016.02.22-13.23.03:046][  0]LogD3D11RHI: Found D3D11 adapter 1: Intel(R) HD Graphics 4600 (Feature Level 11_0)
[2016.02.22-13.23.03:046][  0]LogD3D11RHI: Adapter has 112MB of dedicated video memory, 0MB of dedicated system memory, and 4030MB of shared system memory, 0 output[s]
[2016.02.22-13.23.03:047][  0]LogD3D11RHI: Found D3D11 adapter 2: Microsoft Basic Render Driver (Feature Level 11_0)
[2016.02.22-13.23.03:047][  0]LogD3D11RHI: Adapter has 0MB of dedicated video memory, 0MB of dedicated system memory, and 4030MB of shared system memory, 0 output[s]
[2016.02.22-13.23.03:047][  0]LogD3D11RHI: Chosen D3D11 Adapter Id = 0
[2016.02.22-13.23.03:050][  0]LogD3D11RHI: !Direct3DDevice
[2016.02.22-13.23.03:050][  0]LogRHI: Texture pool is 1361 MB (70% of 1945 MB)
[2016.02.22-13.23.03:064][  0]LogD3D11RHI: Async texture creation enabled
[2016.02.22-13.23.03:080][  0]LogShaderCompilers: Guid format shader working directory is 15 characters bigger than the processId version (C:/Users/IrishMTS/Github Repo/FYPProject/Intermediate/Shaders/WorkingDirectory/9616/).
[2016.02.22-13.23.03:080][  0]LogShaderCompilers: Cleaned the shader compiler working directory 'C:/Users/IrishMTS/Github Repo/FYPProject/Intermediate/Shaders/tmp/87C34E22477EF898A103E7BAB922A7A7/'.
[2016.02.22-13.23.03:080][  0]LogShaderCompilers:Display: Using Local Shader Compiler.
[2016.02.22-13.23.06:220][  0]LogTemp:Display: Loaded TP AllDesktopTargetPlatform
[2016.02.22-13.23.06:224][  0]LogTemp:Display: Loaded TP WindowsClientTargetPlatform
[2016.02.22-13.23.06:228][  0]LogTemp:Display: Loaded TP WindowsNoEditorTargetPlatform
[2016.02.22-13.23.06:232][  0]LogTemp:Display: Loaded TP WindowsServerTargetPlatform
[2016.02.22-13.23.06:236][  0]LogTemp:Display: Loaded TP WindowsTargetPlatform
[2016.02.22-13.23.06:240][  0]LogTemp:Display: Loaded TP AndroidTargetPlatform
[2016.02.22-13.23.06:243][  0]LogTemp:Display: Loaded TP Android_ASTCTargetPlatform
[2016.02.22-13.23.06:246][  0]LogTemp:Display: Loaded TP Android_ATCTargetPlatform
[2016.02.22-13.23.06:248][  0]LogTemp:Display: Loaded TP Android_DXTTargetPlatform
[2016.02.22-13.23.06:251][  0]LogTemp:Display: Loaded TP Android_ETC1TargetPlatform
[2016.02.22-13.23.06:253][  0]LogTemp:Display: Loaded TP Android_ETC2TargetPlatform
[2016.02.22-13.23.06:256][  0]LogTemp:Display: Loaded TP Android_PVRTCTargetPlatform
[2016.02.22-13.23.06:257][  0]LogTemp:Display: Loaded TP HTML5TargetPlatform
[2016.02.22-13.23.06:328][  0]LogTemp:Display: Loaded TP IOSTargetPlatform
[2016.02.22-13.23.06:330][  0]LogTemp:Display: Loaded TP LinuxNoEditorTargetPlatform
[2016.02.22-13.23.06:333][  0]LogTemp:Display: Loaded TP LinuxServerTargetPlatform
[2016.02.22-13.23.06:337][  0]LogTemp:Display: Loaded TP LinuxTargetPlatform
[2016.02.22-13.23.06:337][  0]LogTargetPlatformManager:Display: Building Assets For Windows
[2016.02.22-13.23.06:855][  0]LogDerivedDataCache:Display: Max Cache Size: 512 MB
[2016.02.22-13.23.06:966][  0]LogDerivedDataCache: Loaded boot cache 0.11s 41MB C:/Users/IrishMTS/AppData/Local/UnrealEngine/4.9/DerivedDataCache/Boot.ddc.
[2016.02.22-13.23.06:966][  0]LogDerivedDataCache:Display: Loaded Boot cache: C:/Users/IrishMTS/AppData/Local/UnrealEngine/4.9/DerivedDataCache/Boot.ddc
[2016.02.22-13.23.06:967][  0]LogDerivedDataCache: FDerivedDataBackendGraph:  Pak pak cache file C:/Users/IrishMTS/Github Repo/FYPProject/DerivedDataCache/DDC.ddp not found, will not use a pak cache.
[2016.02.22-13.23.06:967][  0]LogDerivedDataCache: Unable to find inner node Pak for hierarchical cache Hierarchy.
[2016.02.22-13.23.06:967][  0]LogDerivedDataCache: FDerivedDataBackendGraph:  CompressedPak pak cache file C:/Users/IrishMTS/Github Repo/FYPProject/DerivedDataCache/Compressed.ddp not found, will not use a pak cache.
[2016.02.22-13.23.06:967][  0]LogDerivedDataCache: Unable to find inner node CompressedPak for hierarchical cache Hierarchy.
[2016.02.22-13.23.07:187][  0]LogDerivedDataCache:Display: Pak cache opened for reading ../../../Engine/DerivedDataCache/Compressed.ddp.
[2016.02.22-13.23.07:200][  0]LogDerivedDataCache: Using Local data cache path C:/Users/IrishMTS/AppData/Local/UnrealEngine/Common/DerivedDataCache: Writable
[2016.02.22-13.23.17:392][  0]LogInit: Selected Device Profile: [Windows]
[2016.02.22-13.23.17:474][  0]LogContentStreaming: Texture pool size is 0.000000MB
[2016.02.22-13.23.19:019][  0]LogMeshUtilities: No automatic mesh reduction module available
[2016.02.22-13.23.19:019][  0]LogMeshUtilities: No automatic mesh merging module available
[2016.02.22-13.23.23:287][  0]LogInit: WinSock: version 1.1 (2.2), MaxSocks=32767, MaxUdp=65467
[2016.02.22-13.23.48:530][  0]UdpMessaging: Initializing bridge on interface 0.0.0.0:0 to multicast group 230.0.0.1:6666.
[2016.02.22-13.23.49:374][  0]LogAssetRegistry: FAssetRegistry took 0.0307 seconds to start up
[2016.02.22-13.23.53:035][  0]SourceControl: Info Source control is disabled
[2016.02.22-13.23.53:042][  0]SourceControl: Info Source control is disabled
[2016.02.22-13.23.53:159][  0]SourceControl: Info Source control is disabled
[2016.02.22-13.23.53:211][  0]SourceControl: Info Source control is disabled
[2016.02.22-13.23.54:527][  0]LogLinker:Warning: Asset '../../../Engine/Plugins/Runtime/LeapMotionController/Content/LM_PassthroughMaterial.uasset' has been saved with empty engine version. The asset will be loaded but may be incompatible.
[2016.02.22-13.23.54:818][  0]LogObj: 28361 objects as part of root set at end of initial load.
[2016.02.22-13.23.54:818][  0]LogUObjectAllocator: 6038864 out of 0 bytes used by permanent object pool.
[2016.02.22-13.23.55:475][  0]LogEngine: Initializing Engine...
[2016.02.22-13.23.55:496][  0]LogHMD: Can't find Oculus library dev build: is proper Runtime installed? Version: 0.7.0.0
[2016.02.22-13.23.55:571][  0]LogHMD: SteamVR failed to initialize.  Err: 110
[2016.02.22-13.23.56:692][  0]LogAIModule: Creating AISystem for world NewWorld
[2016.02.22-13.23.56:846][  0]LogInit: XAudio2 using 'Speakers (Realtek High Definition Audio)' : 2 channels at 48 kHz using 32 bits per sample (channel mask 0x3)
[2016.02.22-13.23.56:886][  0]LogInit: FAudioDevice initialized.
[2016.02.22-13.23.56:907][  0]LogDerivedDataCache: Saved boot cache 0.02s 41MB C:/Users/IrishMTS/AppData/Local/UnrealEngine/4.9/DerivedDataCache/Boot.ddc.
[2016.02.22-13.23.56:912][  0]LogInit: Texture streaming: Enabled
[2016.02.22-13.23.56:929][  0]LogAnalytics: Creating configured Analytics provider AnalyticsET
[2016.02.22-13.23.56:951][  0]LogAnalytics: [UEEditor.Rocket.Release] APIServer = http://et2.epicgames.com/ET2/. AppVersion = 4.9.2-2707645+++depot+UE4-Releases+4.9
[2016.02.22-13.23.56:951][  0]LogAnalytics: [UEEditor.Rocket.Release] SetUserId faf03e604010e6dfaeb7aba17925e1e3|a68b9b094ed1469cba6abd822de97c85|16ad885e-d993-4dfd-be41-003fbd1feb7d
[2016.02.22-13.23.56:960][  0]LogAnalytics: [UEEditor.Rocket.Release] AnalyticsET::StartSession
[2016.02.22-13.23.57:180][  0]LogInit: Transaction tracking system initialized
[2016.02.22-13.23.58:167][  0]BlueprintLog: New page: Editor Load
[2016.02.22-13.24.05:600][  0]LocalizationService: Info Localization service is disabled
[2016.02.22-13.24.07:246][  0]LogConsoleResponse:Display: 
[2016.02.22-13.24.14:849][  0]LogFileCache: Scanning file cache for directory 'C:/Users/IrishMTS/Github Repo/FYPProject/Content/' took 0.01s
[2016.02.22-13.24.14:849][  0]LogCook:Display: Done creating registry. It took  0.00s.
[2016.02.22-13.24.16:472][  0]SourceControl: Info Source control is disabled
[2016.02.22-13.24.16:510][  0]Cmd: MAP LOAD FILE="C:/Users/IrishMTS/Github Repo/FYPProject/Content/MyCustomStuff/MainMenu.umap" TEMPLATE=0 SHOWPROGRESS=1 FEATURELEVEL=3
[2016.02.22-13.24.16:513][  0]LightingResults: New page: Lighting Build
[2016.02.22-13.24.16:645][  0]MapCheck: New page: Map Check
[2016.02.22-13.24.16:645][  0]LightingResults: New page: Lighting Build
[2016.02.22-13.24.16:953][  0]LogParticles: Destroying 0 GPU particle simulations for FXSystem 0x0000014E12764400
[2016.02.22-13.24.17:656][  0]LogBlueprint:Error: [compiler FirstPersonController] Error Could not find a function named "CreateMainMenu" in 'FirstPersonController_C'.
Make sure 'FirstPersonController_C' has been compiled for  Create Main Menu 
[2016.02.22-13.24.17:659][  0]LogBlueprint:Warning: [compiler FirstPersonController] Warning [0077.27] Compile of FirstPersonController failed. 1 Fatal Issue(s) 0 Warning(s) [in 14 ms]
[2016.02.22-13.24.17:659][  0]LogBlueprint:Warning: [compiler FirstPersonController] Warning [0077.27] Compile of FirstPersonController failed. 1 Fatal Issue(s) 1 Warning(s) [in 0 ms]
[2016.02.22-13.24.17:659][  0]LogBlueprint:Warning: [compiler FirstPersonController] Warning [0077.27] Compile of FirstPersonController failed. 1 Fatal Issue(s) 2 Warning(s) [in 0 ms]
[2016.02.22-13.24.17:729][  0]LogAIModule: Creating AISystem for world MainMenu
[2016.02.22-13.24.17:813][  0]LogEditorServer: Finished looking for orphan Actors (0.000 secs)
[2016.02.22-13.24.17:847][  0]Cmd: MAP CHECKDEP NOCLEARLOG
[2016.02.22-13.24.17:884][  0]MapCheck: Info Map check complete: 0 Error(s), 0 Warning(s), took 37.32ms to complete.
[2016.02.22-13.24.17:917][  0]LogFileHelpers: Loading map 'MainMenu' took 1.419
[2016.02.22-13.24.23:759][  0]LogCollectionManager: Loaded 0 collections in 0.001870 seconds
[2016.02.22-13.24.23:934][  0]LogFileCache: Scanning file cache for directory 'C:/Users/IrishMTS/Github Repo/FYPProject/Saved/Collections/' took 0.01s
[2016.02.22-13.24.23:934][  0]LogFileCache: Scanning file cache for directory 'C:/Users/IrishMTS/Github Repo/FYPProject/Content/Developers/IrishMTS/Collections/' took 0.01s
[2016.02.22-13.24.23:934][  0]LogFileCache: Scanning file cache for directory 'C:/Users/IrishMTS/Github Repo/FYPProject/Content/Collections/' took 0.01s
[2016.02.22-13.24.23:934][  0]LogContentBrowser: Native class hierarchy populated in 0.0583 seconds. Added 1867 classes and 333 folders.
[2016.02.22-13.24.24:348][  0]LogCollectionManager: Rebuilt the GUID cache for 0 collections in 0.000002 seconds
[2016.02.22-13.24.24:709][  0]LogContentBrowser: Native class hierarchy updated for 'WidgetCarousel' in 0.0002 seconds. Added 0 classes and 0 folders.
[2016.02.22-13.24.29:916][  0]LogContentBrowser: Native class hierarchy updated for 'AddContentDialog' in 0.0003 seconds. Added 0 classes and 0 folders.
[2016.02.22-13.24.30:149][  0]LogContentBrowser: Native class hierarchy updated for 'SceneOutliner' in 0.0003 seconds. Added 1 classes and 2 folders.
[2016.02.22-13.24.31:615][  0]LogCrashTracker: Crashtracker disabled due to settings.
[2016.02.22-13.24.32:183][  0]LogUObjectGlobals:Warning: Failed to find object 'Class None.'
[2016.02.22-13.24.32:331][  0]LogLoad: Full Startup: 91.94 seconds (BP compile: 0.74 seconds)
[2016.02.22-13.24.33:552][  0]LogContentStreaming: Texture pool size now 1000 MB
[2016.02.22-13.24.34:486][  0]LogRenderer: Reallocating scene render targets to support 860x556 (Frame:2).
[2016.02.22-13.24.36:068][  3]LogAssetRegistry: Asset discovery search completed in 46.7059 seconds
[2016.02.22-13.24.36:068][  3]LogCollectionManager: Rebuilt the object cache for 0 collections in 0.000001 seconds (found 0 objects)
[2016.02.22-13.24.36:085][  3]LogCollectionManager: Fixed up redirectors for 0 collections in 0.000023 seconds (updated 0 objects)
[2016.02.22-14.24.38:224][992]LogLinker:Warning: Asset '../../../Engine/Content/ArtTools/RenderToTexture/Macros/RenderToTextureMacros.uasset' has been saved with empty engine version. The asset will be loaded but may be incompatible.
[2016.02.22-14.24.38:694][992]LogContentBrowser: Native class hierarchy updated for 'BlueprintGraph' in 0.0013 seconds. Added 107 classes and 0 folders.
[2016.02.22-14.24.54:306][755]LogRenderer: Reallocating scene render targets to support 1072x912 (Frame:187).
[2016.02.22-14.27.43:851][ 91]LogEditorViewport: Clicking Background
[2016.02.22-14.27.54:678][336]LogActor:Warning: GameNetworkManager /Engine/Transient.World_4:PersistentLevel.GameNetworkManager_0 has natively added scene component(s), but none of them were set as the actor's RootComponent - picking one arbitrarily
[2016.02.22-17.22.53:801][584]LogParticles: Destroying 0 GPU particle simulations for FXSystem 0x0000014E21C2B100
[2016.02.22-17.22.53:804][584]LogParticles: Destroying 0 GPU particle simulations for FXSystem 0x0000014E4D90CF40
[2016.02.22-17.22.53:807][584]LogParticles: Destroying 0 GPU particle simulations for FXSystem 0x0000014E21C2A160
[2016.02.22-17.22.53:811][584]LogParticles: Destroying 0 GPU particle simulations for FXSystem 0x0000014E21C2BD80
[2016.02.22-17.22.53:916][584]LogActorComponent: UnregisterComponent: (/Engine/Transient.EditorFloorComp) Not registered. Aborting.
[2016.02.22-17.22.53:981][584]LogWindowsTextInputMethodSystem:Display: IME system now deactivated.
[2016.02.22-17.22.54:227][585]Cmd: QUIT_EDITOR
[2016.02.22-17.22.54:499][585]LogExit: Preparing to exit.
[2016.02.22-17.22.55:390][585]LogExit: Editor shut down
[2016.02.22-17.22.55:391][585]LogExit: Transaction tracking system shut down
[2016.02.22-17.22.55:399][585]LogParticles: Destroying 0 GPU particle simulations for FXSystem 0x0000014E7F57A980
[2016.02.22-17.22.55:399][585]LogParticles: Destroying 0 GPU particle simulations for FXSystem 0x0000014E05B4D620
[2016.02.22-17.22.55:401][585]LogParticles: Destroying 0 GPU particle simulations for FXSystem 0x0000014E1E859440
[2016.02.22-17.22.55:401][585]LogParticles: Destroying 0 GPU particle simulations for FXSystem 0x0000014E05911260
[2016.02.22-17.22.55:616][585]LogExit: Object subsystem successfully closed.
[2016.02.22-17.22.55:633][585]LogD3D11RHI: Shutdown
[2016.02.22-17.22.55:633][585]LogD3D11RHI: CleanupD3DDevice
[2016.02.22-17.22.55:688][585]LogD3D11RHI: ~FD3D11DynamicRHI
[2016.02.22-17.22.55:705][585]LogModuleManager: Shutting down and abandoning module SequencerWidgets (200)
[2016.02.22-17.22.55:705][585]LogModuleManager: Shutting down and abandoning module BlueprintGraph (199)
[2016.02.22-17.22.55:705][585]LogModuleManager: Shutting down and abandoning module ExternalImagePicker (198)
[2016.02.22-17.22.55:705][585]LogModuleManager: Shutting down and abandoning module CrashTracker (197)
[2016.02.22-17.22.55:705][585]LogModuleManager: Shutting down and abandoning module SceneOutliner (196)
[2016.02.22-17.22.55:705][585]LogModuleManager: Shutting down and abandoning module SuperSearch (195)
[2016.02.22-17.22.55:706][585]LogModuleManager: Shutting down and abandoning module WidgetCarousel (194)
[2016.02.22-17.22.55:706][585]LogModuleManager: Shutting down and abandoning module AddContentDialog (193)
[2016.02.22-17.22.55:716][585]LogModuleManager: Shutting down and abandoning module EditorWidgets (192)
[2016.02.22-17.22.55:716][585]LogModuleManager: Shutting down and abandoning module CollectionManager (191)
[2016.02.22-17.22.55:716][585]LogModuleManager: Shutting down and abandoning module StatsViewer (190)
[2016.02.22-17.22.55:716][585]LogModuleManager: Shutting down and abandoning module FoliageEdit (189)
[2016.02.22-17.22.55:716][585]LogModuleManager: Shutting down and abandoning module LandscapeEditor (188)
[2016.02.22-17.22.55:716][585]LogModuleManager: Shutting down and abandoning module ActorPickerMode (187)
[2016.02.22-17.22.55:716][585]LogModuleManager: Shutting down and abandoning module GeometryMode (186)
[2016.02.22-17.22.55:716][585]LogModuleManager: Shutting down and abandoning module TextureAlignMode (185)
[2016.02.22-17.22.55:716][585]LogModuleManager: Shutting down and abandoning module BspMode (184)
[2016.02.22-17.22.55:716][585]LogModuleManager: Shutting down and abandoning module PlacementMode (183)
[2016.02.22-17.22.55:716][585]LogModuleManager: Shutting down and abandoning module AutomationWorker (182)
[2016.02.22-17.22.55:716][585]LogModuleManager: Shutting down and abandoning module CharacterAI (181)
[2016.02.22-17.22.55:716][585]LogModuleManager: Shutting down and abandoning module SmartSnapping (180)
[2016.02.22-17.22.55:716][585]LogModuleManager: Shutting down and abandoning module ViewportSnapping (179)
[2016.02.22-17.22.55:716][585]LogModuleManager: Shutting down and abandoning module LogVisualizer (178)
[2016.02.22-17.22.55:716][585]LogModuleManager: Shutting down and abandoning module GameProjectGeneration (177)
[2016.02.22-17.22.55:716][585]LogModuleManager: Shutting down and abandoning module IntroTutorials (176)
[2016.02.22-17.22.55:717][585]LogModuleManager: Shutting down and abandoning module EditorLiveStreaming (175)
[2016.02.22-17.22.55:717][585]LogModuleManager: Shutting down and abandoning module IOSPlatformEditor (174)
[2016.02.22-17.22.55:717][585]LogModuleManager: Shutting down and abandoning module HTML5PlatformEditor (173)
[2016.02.22-17.22.55:717][585]LogModuleManager: Shutting down and abandoning module AndroidDeviceDetection (172)
[2016.02.22-17.22.56:712][585]LogModuleManager: Shutting down and abandoning module AndroidPlatformEditor (171)
[2016.02.22-17.22.56:712][585]LogModuleManager: Shutting down and abandoning module IOSRuntimeSettings (170)
[2016.02.22-17.22.56:712][585]LogModuleManager: Shutting down and abandoning module AndroidRuntimeSettings (169)
[2016.02.22-17.22.56:712][585]LogModuleManager: Shutting down and abandoning module MergeActors (168)
[2016.02.22-17.22.56:712][585]LogModuleManager: Shutting down and abandoning module SizeMap (167)
[2016.02.22-17.22.56:712][585]LogModuleManager: Shutting down and abandoning module TreeMap (166)
[2016.02.22-17.22.56:712][585]LogModuleManager: Shutting down and abandoning module ReferenceViewer (165)
[2016.02.22-17.22.56:712][585]LogModuleManager: Shutting down and abandoning module LocalizationService (164)
[2016.02.22-17.22.56:712][585]LogModuleManager: Shutting down and abandoning module LocalizationDashboard (163)
[2016.02.22-17.22.56:712][585]LogModuleManager: Shutting down and abandoning module HardwareTargeting (162)
[2016.02.22-17.22.56:712][585]LogModuleManager: Shutting down and abandoning module DeviceProfileEditor (161)
[2016.02.22-17.22.56:712][585]LogModuleManager: Shutting down and abandoning module UndoHistory (160)
[2016.02.22-17.22.56:712][585]LogModuleManager: Shutting down and abandoning module GameplayTagsEditor (159)
[2016.02.22-17.22.56:712][585]LogModuleManager: Shutting down and abandoning module UserFeedback (158)
[2016.02.22-17.22.56:712][585]LogModuleManager: Shutting down and abandoning module XmlParser (157)
[2016.02.22-17.22.56:712][585]LogModuleManager: Shutting down and abandoning module Blutility (156)
[2016.02.22-17.22.56:712][585]LogModuleManager: Shutting down and abandoning module ProjectTargetPlatformEditor (155)
[2016.02.22-17.22.56:712][585]LogModuleManager: Shutting down and abandoning module ProjectSettingsViewer (154)
[2016.02.22-17.22.56:712][585]LogModuleManager: Shutting down and abandoning module InputBindingEditor (153)
[2016.02.22-17.22.56:713][585]LogModuleManager: Shutting down and abandoning module EditorSettingsViewer (152)
[2016.02.22-17.22.56:713][585]LogModuleManager: Shutting down and abandoning module SettingsEditor (151)
[2016.02.22-17.22.56:713][585]LogModuleManager: Shutting down and abandoning module ProjectLauncher (150)
[2016.02.22-17.22.56:713][585]LogModuleManager: Shutting down and abandoning module SessionFrontend (149)
[2016.02.22-17.22.56:713][585]LogModuleManager: Shutting down and abandoning module ProfilerClient (148)
[2016.02.22-17.22.56:713][585]LogModuleManager: Shutting down and abandoning module TargetDeviceServices (147)
[2016.02.22-17.22.56:713][585]LogModuleManager: Shutting down and abandoning module DeviceManager (146)
[2016.02.22-17.22.56:713][585]LogModuleManager: Shutting down and abandoning module AutomationController (145)
[2016.02.22-17.22.56:713][585]LogModuleManager: Shutting down and abandoning module AutomationWindow (144)
[2016.02.22-17.22.56:713][585]LogModuleManager: Shutting down and abandoning module Layers (143)
[2016.02.22-17.22.56:713][585]LogModuleManager: Shutting down and abandoning module ComponentVisualizers (142)
[2016.02.22-17.22.56:713][585]LogModuleManager: Shutting down and abandoning module DetailCustomizations (141)
[2016.02.22-17.22.56:713][585]LogModuleManager: Shutting down and abandoning module PackagesDialog (140)
[2016.02.22-17.22.56:713][585]LogModuleManager: Shutting down and abandoning module Persona (139)
[2016.02.22-17.22.56:713][585]LogModuleManager: Shutting down and abandoning module Kismet (138)
[2016.02.22-17.22.56:713][585]LogModuleManager: Shutting down and abandoning module GraphEditor (137)
[2016.02.22-17.22.56:713][585]LogModuleManager: Shutting down and abandoning module ClassViewer (136)
[2016.02.22-17.22.56:713][585]LogModuleManager: Shutting down and abandoning module Toolbox (135)
[2016.02.22-17.22.56:713][585]LogModuleManager: Shutting down and abandoning module ModuleUI (134)
[2016.02.22-17.22.56:713][585]LogModuleManager: Shutting down and abandoning module MovieSceneTools (133)
[2016.02.22-17.22.56:713][585]LogModuleManager: Shutting down and abandoning module OutputLog (132)
[2016.02.22-17.22.56:713][585]LogModuleManager: Shutting down and abandoning module GammaUI (131)
[2016.02.22-17.22.56:713][585]LogModuleManager: Shutting down and abandoning module Documentation (130)
[2016.02.22-17.22.56:713][585]LogModuleManager: Shutting down and abandoning module GameLiveStreaming (129)
[2016.02.22-17.22.56:714][585]LogModuleManager: Shutting down and abandoning module StreamingPauseRendering (128)
[2016.02.22-17.22.56:714][585]LogModuleManager: Shutting down and abandoning module AnalyticsET (127)
[2016.02.22-17.22.56:714][585]LogModuleManager: Shutting down and abandoning module Analytics (126)
[2016.02.22-17.22.56:714][585]LogModuleManager: Shutting down and abandoning module AITestSuite (125)
[2016.02.22-17.22.56:714][585]LogModuleManager: Shutting down and abandoning module GameplayDebugger (124)
[2016.02.22-17.22.56:714][585]LogModuleManager: Shutting down and abandoning module AIModule (123)
[2016.02.22-17.22.56:714][585]LogModuleManager: Shutting down and abandoning module ProfilerService (122)
[2016.02.22-17.22.56:953][585]LogModuleManager: Shutting down and abandoning module TaskGraph (121)
[2016.02.22-17.22.56:953][585]LogModuleManager: Shutting down and abandoning module SlateRemote (120)
[2016.02.22-17.22.56:953][585]LogModuleManager: Shutting down and abandoning module SteamVRController (119)
[2016.02.22-17.22.56:953][585]LogModuleManager: Shutting down and abandoning module SteamVR (118)
[2016.02.22-17.22.56:953][585]LogModuleManager: Shutting down and abandoning module ProceduralMeshComponent (117)
[2016.02.22-17.22.56:953][585]LogModuleManager: Shutting down and abandoning module OculusRift (116)
[2016.02.22-17.22.56:953][585]LogModuleManager: Shutting down and abandoning module OculusLibrary (115)
[2016.02.22-17.22.56:953][585]LogModuleManager: Shutting down and abandoning module LeapMotionController (114)
[2016.02.22-17.22.56:963][585]LogModuleManager: Shutting down and abandoning module CustomMeshComponent (113)
[2016.02.22-17.22.56:963][585]LogModuleManager: Shutting down and abandoning module CableComponent (112)
[2016.02.22-17.22.56:963][585]LogModuleManager: Shutting down and abandoning module ArchVisCharacter (111)
[2016.02.22-17.22.56:963][585]LogModuleManager: Shutting down and abandoning module MessagingDebugger (110)
[2016.02.22-17.22.56:963][585]LogModuleManager: Shutting down and abandoning module MediaPlayerEditor (109)
[2016.02.22-17.22.56:963][585]LogModuleManager: Shutting down and abandoning module HTML5Networking (108)
[2016.02.22-17.22.56:963][585]LogModuleManager: Shutting down and abandoning module SpeedTreeImporter (107)
[2016.02.22-17.22.56:963][585]LogModuleManager: Shutting down and abandoning module PluginBrowser (106)
[2016.02.22-17.22.56:963][585]LogModuleManager: Shutting down and abandoning module EpicSurvey (105)
[2016.02.22-17.22.56:963][585]LogModuleManager: Shutting down and abandoning module DesktopPlatform (104)
[2016.02.22-17.22.56:963][585]LogModuleManager: Shutting down and abandoning module VisualStudioSourceCodeAccess (103)
[2016.02.22-17.22.56:963][585]LogModuleManager: Shutting down and abandoning module UObjectPlugin (102)
[2016.02.22-17.22.56:963][585]LogModuleManager: Shutting down and abandoning module SubversionSourceControl (101)
[2016.02.22-17.22.56:963][585]LogModuleManager: Shutting down and abandoning module PerforceSourceControl (100)
[2016.02.22-17.22.56:963][585]LogModuleManager: Shutting down and abandoning module SourceControl (99)
[2016.02.22-17.22.56:963][585]LogModuleManager: Shutting down and abandoning module GitSourceControl (98)
[2016.02.22-17.22.56:963][585]LogModuleManager: Shutting down and abandoning module LightPropagationVolumeEditor (97)
[2016.02.22-17.22.56:963][585]LogModuleManager: Shutting down and abandoning module PaperTiledImporter (96)
[2016.02.22-17.22.56:964][585]LogModuleManager: Shutting down and abandoning module PaperSpriteSheetImporter (95)
[2016.02.22-17.22.56:964][585]LogModuleManager: Shutting down and abandoning module MeshPaint (94)
[2016.02.22-17.22.56:964][585]LogModuleManager: Shutting down and abandoning module SlateReflector (93)
[2016.02.22-17.22.56:964][585]LogModuleManager: Shutting down and abandoning module HotReload (92)
[2016.02.22-17.22.56:964][585]LogModuleManager: Shutting down and abandoning module MainFrame (91)
[2016.02.22-17.22.56:964][585]LogModuleManager: Shutting down and abandoning module LevelEditor (90)
[2016.02.22-17.22.56:965][585]LogModuleManager: Shutting down and abandoning module DirectoryWatcher (89)
[2016.02.22-17.22.56:968][585]LogModuleManager: Shutting down and abandoning module AssetRegistry (88)
[2016.02.22-17.22.57:071][585]LogModuleManager: Shutting down and abandoning module ContentBrowser (87)
[2016.02.22-17.22.57:072][585]LogModuleManager: Shutting down and abandoning module Paper2DEditor (86)
[2016.02.22-17.22.57:072][585]LogModuleManager: Shutting down and abandoning module UdpMessaging (85)
[2016.02.22-17.22.57:173][585]LogModuleManager: Shutting down and abandoning module LightPropagationVolumeRuntime (84)
[2016.02.22-17.22.57:173][585]LogModuleManager: Shutting down and abandoning module Paper2D (83)
[2016.02.22-17.22.57:173][585]LogModuleManager: Shutting down and abandoning module WindowsMoviePlayer (82)
[2016.02.22-17.22.57:175][585]LogModuleManager: Shutting down and abandoning module Media (81)
[2016.02.22-17.22.57:175][585]LogModuleManager: Shutting down and abandoning module WmfMedia (80)
[2016.02.22-17.22.57:175][585]LogModuleManager: Shutting down and abandoning module OnlineBlueprintSupport (79)
[2016.02.22-17.22.57:175][585]LogModuleManager: Shutting down and abandoning module GameplayTasksEditor (78)
[2016.02.22-17.22.57:175][585]LogModuleManager: Shutting down and abandoning module PropertyEditor (77)
[2016.02.22-17.22.57:175][585]LogModuleManager: Shutting down and abandoning module BehaviorTreeEditor (76)
[2016.02.22-17.22.57:175][585]LogModuleManager: Shutting down and abandoning module FunctionalTesting (75)
[2016.02.22-17.22.57:175][585]LogModuleManager: Shutting down and abandoning module CollisionAnalyzer (74)
[2016.02.22-17.22.57:175][585]LogModuleManager: Shutting down and abandoning module WorkspaceMenuStructure (73)
[2016.02.22-17.22.57:175][585]LogModuleManager: Shutting down and abandoning module MessageLog (72)
[2016.02.22-17.22.57:175][585]LogModuleManager: Shutting down and abandoning module Sequencer (71)
[2016.02.22-17.22.57:176][585]LogModuleManager: Shutting down and abandoning module AssetTools (70)
[2016.02.22-17.22.57:176][585]LogModuleManager: Shutting down and abandoning module UMGEditor (69)
[2016.02.22-17.22.57:176][585]LogModuleManager: Shutting down and abandoning module UMG (68)
[2016.02.22-17.22.57:176][585]LogModuleManager: Shutting down and abandoning module Slate (67)
[2016.02.22-17.22.57:176][585]LogModuleManager: Shutting down and abandoning module EditorStyle (66)
[2016.02.22-17.22.57:178][585]LogModuleManager: Shutting down and abandoning module SessionServices (65)
[2016.02.22-17.22.57:178][585]LogModuleManager: Shutting down and abandoning module SourceCodeAccess (64)
[2016.02.22-17.22.57:178][585]LogModuleManager: Shutting down and abandoning module HeadMountedDisplay (63)
[2016.02.22-17.22.57:178][585]LogModuleManager: Shutting down and abandoning module XAudio2 (62)
[2016.02.22-17.22.57:178][585]LogModuleManager: Shutting down and abandoning module Networking (60)
[2016.02.22-17.22.57:178][585]LogModuleManager: Shutting down and abandoning module Core (59)
[2016.02.22-17.22.57:178][585]LogModuleManager: Shutting down and abandoning module KismetCompiler (58)
[2016.02.22-17.22.57:178][585]LogModuleManager: Shutting down and abandoning module PhysXFormats (57)
[2016.02.22-17.22.57:178][585]LogModuleManager: Shutting down and abandoning module MeshUtilities (56)
[2016.02.22-17.22.57:178][585]LogModuleManager: Shutting down and abandoning module CookingStats (55)
[2016.02.22-17.22.57:179][585]LogModuleManager: Shutting down and abandoning module DerivedDataCache (54)
[2016.02.22-17.22.57:235][585]LogDerivedDataCache: Shutdown
[2016.02.22-17.22.57:235][585]LogModuleManager: Shutting down and abandoning module ShaderFormatOpenGL (53)
[2016.02.22-17.22.57:235][585]LogModuleManager: Shutting down and abandoning module ShaderFormatD3D (52)
[2016.02.22-17.22.57:235][585]LogModuleManager: Shutting down and abandoning module MetalShaderFormat (51)
[2016.02.22-17.22.57:235][585]LogModuleManager: Shutting down and abandoning module TextureFormatUncompressed (50)
[2016.02.22-17.22.57:235][585]LogModuleManager: Shutting down and abandoning module TextureFormatPVR (49)
[2016.02.22-17.22.57:235][585]LogModuleManager: Shutting down and abandoning module TextureFormatIntelISPCTexComp (48)
[2016.02.22-17.22.57:235][585]LogModuleManager: Shutting down and abandoning module TextureFormatDXT (47)
[2016.02.22-17.22.57:235][585]LogModuleManager: Shutting down and abandoning module ImageWrapper (46)
[2016.02.22-17.22.57:235][585]LogModuleManager: Shutting down and abandoning module TextureFormatASTC (45)
[2016.02.22-17.22.57:235][585]LogModuleManager: Shutting down and abandoning module TextureFormatAndroid (44)
[2016.02.22-17.22.57:235][585]LogModuleManager: Shutting down and abandoning module AudioFormatOpus (43)
[2016.02.22-17.22.57:235][585]LogModuleManager: Shutting down and abandoning module AudioFormatOgg (42)
[2016.02.22-17.22.57:235][585]LogModuleManager: Shutting down and abandoning module AudioFormatADPCM (41)
[2016.02.22-17.22.57:235][585]LogModuleManager: Shutting down and abandoning module LinuxTargetPlatform (40)
[2016.02.22-17.22.57:235][585]LogModuleManager: Shutting down and abandoning module LinuxServerTargetPlatform (39)
[2016.02.22-17.22.57:235][585]LogModuleManager: Shutting down and abandoning module LinuxNoEditorTargetPlatform (38)
[2016.02.22-17.22.57:235][585]LogModuleManager: Shutting down and abandoning module Messaging (37)
[2016.02.22-17.22.57:235][585]LogModuleManager: Shutting down and abandoning module IOSTargetPlatform (36)
[2016.02.22-17.22.57:235][585]LogModuleManager: Shutting down and abandoning module HTML5TargetPlatform (35)
[2016.02.22-17.22.57:235][585]LogModuleManager: Shutting down and abandoning module Android_PVRTCTargetPlatform (34)
[2016.02.22-17.22.57:235][585]LogModuleManager: Shutting down and abandoning module Android_ETC2TargetPlatform (33)
[2016.02.22-17.22.57:236][585]LogModuleManager: Shutting down and abandoning module Android_ETC1TargetPlatform (32)
[2016.02.22-17.22.57:236][585]LogModuleManager: Shutting down and abandoning module Android_DXTTargetPlatform (31)
[2016.02.22-17.22.57:236][585]LogModuleManager: Shutting down and abandoning module Android_ATCTargetPlatform (30)
[2016.02.22-17.22.57:236][585]LogModuleManager: Shutting down and abandoning module Android_ASTCTargetPlatform (29)
[2016.02.22-17.22.57:236][585]LogModuleManager: Shutting down and abandoning module AndroidTargetPlatform (28)
[2016.02.22-17.22.57:236][585]LogModuleManager: Shutting down and abandoning module WindowsTargetPlatform (27)
[2016.02.22-17.22.57:236][585]LogModuleManager: Shutting down and abandoning module WindowsServerTargetPlatform (26)
[2016.02.22-17.22.57:236][585]LogModuleManager: Shutting down and abandoning module WindowsNoEditorTargetPlatform (25)
[2016.02.22-17.22.57:236][585]LogModuleManager: Shutting down and abandoning module WindowsClientTargetPlatform (24)
[2016.02.22-17.22.57:236][585]LogModuleManager: Shutting down and abandoning module AllDesktopTargetPlatform (23)
[2016.02.22-17.22.57:236][585]LogModuleManager: Shutting down and abandoning module TargetPlatform (22)
[2016.02.22-17.22.57:236][585]LogModuleManager: Shutting down and abandoning module InputCore (21)
[2016.02.22-17.22.57:236][585]LogModuleManager: Shutting down and abandoning module Settings (20)
[2016.02.22-17.22.57:236][585]LogModuleManager: Shutting down and abandoning module OnlineSubsystem (18)
[2016.02.22-17.22.57:236][585]LogModuleManager: Shutting down and abandoning module HTTP (17)
[2016.02.22-17.22.59:240][585]LogModuleManager: Shutting down and abandoning module XMPP (16)
[2016.02.22-17.22.59:240][585]LogModuleManager: Shutting down and abandoning module ExampleDeviceProfileSelector (15)
[2016.02.22-17.22.59:240][585]LogModuleManager: Shutting down and abandoning module TextureCompressor (14)
[2016.02.22-17.22.59:240][585]LogModuleManager: Shutting down and abandoning module ShaderCore (13)
[2016.02.22-17.22.59:240][585]LogModuleManager: Shutting down and abandoning module Landscape (12)
[2016.02.22-17.22.59:240][585]LogModuleManager: Shutting down and abandoning module SlateRHIRenderer (11)
[2016.02.22-17.22.59:251][585]LogModuleManager: Shutting down and abandoning module OpenGLDrv (10)
[2016.02.22-17.22.59:251][585]LogModuleManager: Shutting down and abandoning module D3D11RHI (9)
[2016.02.22-17.22.59:251][585]LogModuleManager: Shutting down and abandoning module AnimGraphRuntime (8)
[2016.02.22-17.22.59:251][585]LogModuleManager: Shutting down and abandoning module Renderer (7)
[2016.02.22-17.22.59:251][585]LogModuleManager: Shutting down and abandoning module Engine (6)
[2016.02.22-17.22.59:251][585]LogModuleManager: Shutting down and abandoning module CoreUObject (5)
[2016.02.22-17.22.59:251][585]LogModuleManager: Shutting down and abandoning module NetworkFile (4)
[2016.02.22-17.22.59:251][585]LogModuleManager: Shutting down and abandoning module StreamingFile (3)
[2016.02.22-17.22.59:251][585]LogModuleManager: Shutting down and abandoning module SandboxFile (2)
[2016.02.22-17.22.59:251][585]LogModuleManager: Shutting down and abandoning module PakFile (1)
[2016.02.22-17.22.59:252][585]LogExit: Exiting.
[2016.02.22-17.22.59:257][585]Log file closed, 02/22/16 17:22:59
