[2016.03.09-20.13.36:405][  0]Log file open, 03/09/16 20:13:36
[2016.03.09-20.13.36:405][  0]LogInit:Display: Running engine for game: FYPProject
[2016.03.09-20.13.36:405][  0]LogInit:Display: RandInit(1373880470) SRandInit(1373880471).
[2016.03.09-20.13.36:405][  0]LogTaskGraph: Started task graph with 4 named threads and 7 total threads.
[2016.03.09-20.13.36:405][  0]LogStats: Stats thread started at 0.279196
[2016.03.09-20.13.36:405][  0]LogInit: Version: 4.9.2-2707645+++depot+UE4-Releases+4.9
[2016.03.09-20.13.36:405][  0]LogInit: API Version: 2672455
[2016.03.09-20.13.36:405][  0]LogInit: Compiled (64-bit): Sep 28 2015 10:25:44
[2016.03.09-20.13.36:405][  0]LogInit: Compiled with Visual C++: 18.00.21005.01
[2016.03.09-20.13.36:405][  0]LogInit: Build Configuration: Development
[2016.03.09-20.13.36:405][  0]LogInit: Branch Name: ++depot+UE4-Releases+4.9
[2016.03.09-20.13.36:405][  0]LogInit: Command line:  
[2016.03.09-20.13.36:405][  0]LogInit: Base directory: A:/Program Files/Epic Games/4.9/Engine/Binaries/Win64/
[2016.03.09-20.13.36:405][  0]LogInit: Rocket: 1
[2016.03.09-20.13.36:448][  0]LogInit: Using libcurl 7.41.0
[2016.03.09-20.13.36:448][  0]LogInit:  - built for x86_64-pc-win32
[2016.03.09-20.13.36:448][  0]LogInit:  - supports SSL with WinSSL
[2016.03.09-20.13.36:448][  0]LogInit:  - other features:
[2016.03.09-20.13.36:448][  0]LogInit:      CURL_VERSION_SSL
[2016.03.09-20.13.36:448][  0]LogInit:      CURL_VERSION_IPV6
[2016.03.09-20.13.36:448][  0]LogInit:      CURL_VERSION_ASYNCHDNS
[2016.03.09-20.13.36:448][  0]LogInit:      CURL_VERSION_LARGEFILE
[2016.03.09-20.13.36:448][  0]LogInit:      CURL_VERSION_IDN
[2016.03.09-20.13.36:448][  0]LogInit:  CurlRequestOptions (configurable via config and command line):
[2016.03.09-20.13.36:448][  0]LogInit:  - bVerifyPeer = true  - Libcurl will verify peer certificate
[2016.03.09-20.13.36:448][  0]LogInit:  - bUseHttpProxy = false  - Libcurl will NOT use HTTP proxy
[2016.03.09-20.13.36:448][  0]LogInit:  - bDontReuseConnections = false  - Libcurl will reuse connections
[2016.03.09-20.13.36:448][  0]LogInit:  - CertBundlePath = nullptr  - Libcurl will use whatever was configured at build time.
[2016.03.09-20.13.36:535][  0]LogInit: Presizing for 0 objects not considered by GC, pre-allocating 0 bytes.
[2016.03.09-20.13.36:540][  0]LogInit: Object subsystem initialized
[2016.03.09-20.13.36:542][  0]LogInit: Selected Device Profile: [Windows]
[2016.03.09-20.13.36:542][  0]LogInit: Applying CVar settings loaded from the selected device profile: [Windows]
[2016.03.09-20.13.36:559][  0]LogInit: Computer: FSS-VOYAGERII
[2016.03.09-20.13.36:559][  0]LogInit: User: IrishMTS
[2016.03.09-20.13.36:559][  0]LogInit: CPU Page size=4096, Cores=4
[2016.03.09-20.13.36:559][  0]LogInit: High frequency timer resolution =3.417970 MHz
[2016.03.09-20.13.36:559][  0]LogMemory: Memory total: Physical=7.9GB (8GB approx)
[2016.03.09-20.13.36:559][  0]LogMemory: Platform Memory Stats for Windows
[2016.03.09-20.13.36:559][  0]LogMemory: Process Physical Memory: 54.02 MB used, 54.02 MB peak
[2016.03.09-20.13.36:559][  0]LogMemory: Process Virtual Memory: 55.31 MB used, 55.31 MB peak
[2016.03.09-20.13.36:559][  0]LogMemory: Physical Memory: 4040.74 MB used, 8060.57 MB total
[2016.03.09-20.13.36:559][  0]LogMemory: Virtual Memory: 368.26 MB used, 134217728.00 MB total
[2016.03.09-20.13.37:010][  0]LogTextLocalizationManager: No specific translations for ('en-IE') exist, so ('en') translations will be used.
[2016.03.09-20.13.37:752][  0]LogD3D11RHI: Found D3D11 adapter 0: NVIDIA GeForce GTX 760 (Feature Level 11_0)
[2016.03.09-20.13.37:752][  0]LogD3D11RHI: Adapter has 4026MB of dedicated video memory, 0MB of dedicated system memory, and 4030MB of shared system memory, 2 output[s]
[2016.03.09-20.13.37:757][  0]LogD3D11RHI: Found D3D11 adapter 1: Intel(R) HD Graphics 4600 (Feature Level 11_0)
[2016.03.09-20.13.37:757][  0]LogD3D11RHI: Adapter has 112MB of dedicated video memory, 0MB of dedicated system memory, and 4030MB of shared system memory, 0 output[s]
[2016.03.09-20.13.37:758][  0]LogD3D11RHI: Found D3D11 adapter 2: Microsoft Basic Render Driver (Feature Level 11_0)
[2016.03.09-20.13.37:758][  0]LogD3D11RHI: Adapter has 0MB of dedicated video memory, 0MB of dedicated system memory, and 4030MB of shared system memory, 0 output[s]
[2016.03.09-20.13.37:758][  0]LogD3D11RHI: Chosen D3D11 Adapter Id = 0
[2016.03.09-20.13.37:761][  0]LogD3D11RHI: !Direct3DDevice
[2016.03.09-20.13.37:761][  0]LogRHI: Texture pool is 1361 MB (70% of 1945 MB)
[2016.03.09-20.13.37:776][  0]LogD3D11RHI: Async texture creation enabled
[2016.03.09-20.13.37:792][  0]LogShaderCompilers: Guid format shader working directory is 14 characters bigger than the processId version (C:/Users/IrishMTS/Github Repo/FYPProject/Intermediate/Shaders/WorkingDirectory/11540/).
[2016.03.09-20.13.37:792][  0]LogShaderCompilers: Cleaned the shader compiler working directory 'C:/Users/IrishMTS/Github Repo/FYPProject/Intermediate/Shaders/tmp/A5C0561E43E9622D6740A6BE3EA844EB/'.
[2016.03.09-20.13.37:792][  0]LogShaderCompilers:Display: Using Local Shader Compiler.
[2016.03.09-20.13.40:025][  0]LogTemp:Display: Loaded TP AllDesktopTargetPlatform
[2016.03.09-20.13.40:030][  0]LogTemp:Display: Loaded TP WindowsClientTargetPlatform
[2016.03.09-20.13.40:034][  0]LogTemp:Display: Loaded TP WindowsNoEditorTargetPlatform
[2016.03.09-20.13.40:040][  0]LogTemp:Display: Loaded TP WindowsServerTargetPlatform
[2016.03.09-20.13.40:045][  0]LogTemp:Display: Loaded TP WindowsTargetPlatform
[2016.03.09-20.13.40:050][  0]LogTemp:Display: Loaded TP AndroidTargetPlatform
[2016.03.09-20.13.40:053][  0]LogTemp:Display: Loaded TP Android_ASTCTargetPlatform
[2016.03.09-20.13.40:057][  0]LogTemp:Display: Loaded TP Android_ATCTargetPlatform
[2016.03.09-20.13.40:060][  0]LogTemp:Display: Loaded TP Android_DXTTargetPlatform
[2016.03.09-20.13.40:062][  0]LogTemp:Display: Loaded TP Android_ETC1TargetPlatform
[2016.03.09-20.13.40:066][  0]LogTemp:Display: Loaded TP Android_ETC2TargetPlatform
[2016.03.09-20.13.40:069][  0]LogTemp:Display: Loaded TP Android_PVRTCTargetPlatform
[2016.03.09-20.13.40:070][  0]LogTemp:Display: Loaded TP HTML5TargetPlatform
[2016.03.09-20.13.40:175][  0]LogTemp:Display: Loaded TP IOSTargetPlatform
[2016.03.09-20.13.40:178][  0]LogTemp:Display: Loaded TP LinuxNoEditorTargetPlatform
[2016.03.09-20.13.40:181][  0]LogTemp:Display: Loaded TP LinuxServerTargetPlatform
[2016.03.09-20.13.40:187][  0]LogTemp:Display: Loaded TP LinuxTargetPlatform
[2016.03.09-20.13.40:187][  0]LogTargetPlatformManager:Display: Building Assets For Windows
[2016.03.09-20.13.40:994][  0]LogDerivedDataCache:Display: Max Cache Size: 512 MB
[2016.03.09-20.13.41:173][  0]LogDerivedDataCache: Loaded boot cache 0.18s 41MB C:/Users/IrishMTS/AppData/Local/UnrealEngine/4.9/DerivedDataCache/Boot.ddc.
[2016.03.09-20.13.41:173][  0]LogDerivedDataCache:Display: Loaded Boot cache: C:/Users/IrishMTS/AppData/Local/UnrealEngine/4.9/DerivedDataCache/Boot.ddc
[2016.03.09-20.13.41:174][  0]LogDerivedDataCache: FDerivedDataBackendGraph:  Pak pak cache file C:/Users/IrishMTS/Github Repo/FYPProject/DerivedDataCache/DDC.ddp not found, will not use a pak cache.
[2016.03.09-20.13.41:174][  0]LogDerivedDataCache: Unable to find inner node Pak for hierarchical cache Hierarchy.
[2016.03.09-20.13.41:174][  0]LogDerivedDataCache: FDerivedDataBackendGraph:  CompressedPak pak cache file C:/Users/IrishMTS/Github Repo/FYPProject/DerivedDataCache/Compressed.ddp not found, will not use a pak cache.
[2016.03.09-20.13.41:174][  0]LogDerivedDataCache: Unable to find inner node CompressedPak for hierarchical cache Hierarchy.
[2016.03.09-20.13.41:414][  0]LogDerivedDataCache:Display: Pak cache opened for reading ../../../Engine/DerivedDataCache/Compressed.ddp.
[2016.03.09-20.13.41:432][  0]LogDerivedDataCache: Using Local data cache path C:/Users/IrishMTS/AppData/Local/UnrealEngine/Common/DerivedDataCache: Writable
[2016.03.09-20.13.52:379][  0]LogInit: Selected Device Profile: [Windows]
[2016.03.09-20.13.52:460][  0]LogContentStreaming: Texture pool size is 0.000000MB
[2016.03.09-20.13.54:126][  0]LogMeshUtilities: No automatic mesh reduction module available
[2016.03.09-20.13.54:126][  0]LogMeshUtilities: No automatic mesh merging module available
[2016.03.09-20.13.58:392][  0]LogInit: WinSock: version 1.1 (2.2), MaxSocks=32767, MaxUdp=65467
[2016.03.09-20.14.24:875][  0]UdpMessaging: Initializing bridge on interface 0.0.0.0:0 to multicast group 230.0.0.1:6666.
[2016.03.09-20.14.25:869][  0]LogAssetRegistry: FAssetRegistry took 0.0304 seconds to start up
[2016.03.09-20.14.30:706][  0]SourceControl: Info Source control is disabled
[2016.03.09-20.14.30:714][  0]SourceControl: Info Source control is disabled
[2016.03.09-20.14.30:766][  0]SourceControl: Info Source control is disabled
[2016.03.09-20.14.30:833][  0]SourceControl: Info Source control is disabled
[2016.03.09-20.14.31:946][  0]LogLinker:Warning: Asset '../../../Engine/Plugins/Runtime/LeapMotionController/Content/LM_PassthroughMaterial.uasset' has been saved with empty engine version. The asset will be loaded but may be incompatible.
[2016.03.09-20.14.32:279][  0]LogObj: 28361 objects as part of root set at end of initial load.
[2016.03.09-20.14.32:280][  0]LogUObjectAllocator: 6038872 out of 0 bytes used by permanent object pool.
[2016.03.09-20.14.33:011][  0]LogEngine: Initializing Engine...
[2016.03.09-20.14.33:049][  0]LogHMD: Can't find Oculus library dev build: is proper Runtime installed? Version: 0.7.0.0
[2016.03.09-20.14.33:143][  0]LogHMD: SteamVR failed to initialize.  Err: 110
[2016.03.09-20.14.34:395][  0]LogAIModule: Creating AISystem for world NewWorld
[2016.03.09-20.14.34:556][  0]LogInit: XAudio2 using 'Speakers (Realtek High Definition Audio)' : 2 channels at 48 kHz using 32 bits per sample (channel mask 0x3)
[2016.03.09-20.14.34:600][  0]LogInit: FAudioDevice initialized.
[2016.03.09-20.14.34:620][  0]LogDerivedDataCache: Saved boot cache 0.02s 41MB C:/Users/IrishMTS/AppData/Local/UnrealEngine/4.9/DerivedDataCache/Boot.ddc.
[2016.03.09-20.14.34:624][  0]LogInit: Texture streaming: Enabled
[2016.03.09-20.14.34:667][  0]LogAnalytics: Creating configured Analytics provider AnalyticsET
[2016.03.09-20.14.34:688][  0]LogAnalytics: [UEEditor.Rocket.Release] APIServer = http://et2.epicgames.com/ET2/. AppVersion = 4.9.2-2707645+++depot+UE4-Releases+4.9
[2016.03.09-20.14.34:688][  0]LogAnalytics: [UEEditor.Rocket.Release] SetUserId faf03e604010e6dfaeb7aba17925e1e3|a68b9b094ed1469cba6abd822de97c85|16ad885e-d993-4dfd-be41-003fbd1feb7d
[2016.03.09-20.14.34:705][  0]LogAnalytics: [UEEditor.Rocket.Release] AnalyticsET::StartSession
[2016.03.09-20.14.34:883][  0]LogInit: Transaction tracking system initialized
[2016.03.09-20.14.35:228][  0]BlueprintLog: New page: Editor Load
[2016.03.09-20.14.36:712][  0]LocalizationService: Info Localization service is disabled
[2016.03.09-20.14.37:673][  0]LogConsoleResponse:Display: 
[2016.03.09-20.14.42:376][  0]LogFileCache: Scanning file cache for directory 'C:/Users/IrishMTS/Github Repo/FYPProject/Content/' took 0.02s
[2016.03.09-20.14.42:376][  0]LogCook:Display: Done creating registry. It took  0.00s.
[2016.03.09-20.14.44:915][  0]SourceControl: Info Source control is disabled
[2016.03.09-20.14.44:995][  0]Cmd: MAP LOAD FILE="C:/Users/IrishMTS/Github Repo/FYPProject/Content/MyCustomStuff/MainMenu.umap" TEMPLATE=0 SHOWPROGRESS=1 FEATURELEVEL=3
[2016.03.09-20.14.45:005][  0]LightingResults: New page: Lighting Build
[2016.03.09-20.14.45:171][  0]MapCheck: New page: Map Check
[2016.03.09-20.14.45:172][  0]LightingResults: New page: Lighting Build
[2016.03.09-20.14.45:822][  0]LogParticles: Destroying 0 GPU particle simulations for FXSystem 0x000002184EF8C400
[2016.03.09-20.14.46:975][  0]LogBlueprint:Error: [compiler FirstPersonController] Error Could not find a function named "CreateMainMenu" in 'FirstPersonController_C'.
Make sure 'FirstPersonController_C' has been compiled for  Create Main Menu 
[2016.03.09-20.14.46:978][  0]LogBlueprint:Warning: [compiler FirstPersonController] Warning [0072.26] Compile of FirstPersonController failed. 1 Fatal Issue(s) 0 Warning(s) [in 36 ms]
[2016.03.09-20.14.46:978][  0]LogBlueprint:Warning: [compiler FirstPersonController] Warning [0072.26] Compile of FirstPersonController failed. 1 Fatal Issue(s) 1 Warning(s) [in 0 ms]
[2016.03.09-20.14.46:978][  0]LogBlueprint:Warning: [compiler FirstPersonController] Warning [0072.26] Compile of FirstPersonController failed. 1 Fatal Issue(s) 2 Warning(s) [in 0 ms]
[2016.03.09-20.14.47:207][  0]LogAIModule: Creating AISystem for world MainMenu
[2016.03.09-20.14.47:473][  0]LogEditorServer: Finished looking for orphan Actors (0.000 secs)
[2016.03.09-20.14.47:574][  0]Cmd: MAP CHECKDEP NOCLEARLOG
[2016.03.09-20.14.47:617][  0]MapCheck: Info Map check complete: 0 Error(s), 0 Warning(s), took 42.384ms to complete.
[2016.03.09-20.14.47:637][  0]LogFileHelpers: Loading map 'MainMenu' took 2.654
[2016.03.09-20.14.49:930][  0]LogCollectionManager: Loaded 0 collections in 0.008694 seconds
[2016.03.09-20.14.50:010][  0]LogFileCache: Scanning file cache for directory 'C:/Users/IrishMTS/Github Repo/FYPProject/Saved/Collections/' took 0.01s
[2016.03.09-20.14.50:010][  0]LogFileCache: Scanning file cache for directory 'C:/Users/IrishMTS/Github Repo/FYPProject/Content/Developers/IrishMTS/Collections/' took 0.01s
[2016.03.09-20.14.50:010][  0]LogFileCache: Scanning file cache for directory 'C:/Users/IrishMTS/Github Repo/FYPProject/Content/Collections/' took 0.01s
[2016.03.09-20.14.50:010][  0]LogContentBrowser: Native class hierarchy populated in 0.0231 seconds. Added 1867 classes and 333 folders.
[2016.03.09-20.14.50:092][  0]LogCollectionManager: Rebuilt the GUID cache for 0 collections in 0.000003 seconds
[2016.03.09-20.14.50:248][  0]LogContentBrowser: Native class hierarchy updated for 'WidgetCarousel' in 0.0003 seconds. Added 0 classes and 0 folders.
[2016.03.09-20.14.52:684][  0]LogContentBrowser: Native class hierarchy updated for 'AddContentDialog' in 0.0003 seconds. Added 0 classes and 0 folders.
[2016.03.09-20.14.52:754][  0]LogContentBrowser: Native class hierarchy updated for 'SceneOutliner' in 0.0005 seconds. Added 1 classes and 2 folders.
[2016.03.09-20.14.53:684][  0]LogCrashTracker: Crashtracker disabled due to settings.
[2016.03.09-20.14.53:859][  0]LogUObjectGlobals:Warning: Failed to find object 'Class None.'
[2016.03.09-20.14.53:956][  0]LogLoad: Full Startup: 79.24 seconds (BP compile: 0.93 seconds)
[2016.03.09-20.14.55:542][  0]LogContentStreaming: Texture pool size now 1000 MB
[2016.03.09-20.14.56:314][  0]LogRenderer: Reallocating scene render targets to support 788x556 (Frame:2).
[2016.03.09-20.14.57:002][  3]LogAssetRegistry: Asset discovery search completed in 31.1454 seconds
[2016.03.09-20.14.57:002][  3]LogCollectionManager: Rebuilt the object cache for 0 collections in 0.000001 seconds (found 0 objects)
[2016.03.09-20.14.57:002][  3]LogCollectionManager: Fixed up redirectors for 0 collections in 0.000023 seconds (updated 0 objects)
[2016.03.09-20.15.02:630][600]LogLinker:Warning: Asset '../../../Engine/Content/ArtTools/RenderToTexture/Macros/RenderToTextureMacros.uasset' has been saved with empty engine version. The asset will be loaded but may be incompatible.
[2016.03.09-20.15.03:753][600]LogContentBrowser: Native class hierarchy updated for 'BlueprintGraph' in 0.0005 seconds. Added 107 classes and 0 folders.
[2016.03.09-20.15.12:583][399]Cmd: MAP LOAD FILE="C:/Users/IrishMTS/Github Repo/FYPProject/Content/MyCustomStuff/MainMenu.umap" TEMPLATE=0 SHOWPROGRESS=1 FEATURELEVEL=3
[2016.03.09-20.15.12:583][399]LightingResults: New page: Lighting Build
[2016.03.09-20.15.12:595][399]LoadErrors: New page: Loading map: MainMenu.umap
[2016.03.09-20.15.12:595][399]MapCheck: New page: Map Check
[2016.03.09-20.15.12:595][399]LightingResults: New page: Lighting Build
[2016.03.09-20.15.12:653][399]LogParticles: Destroying 0 GPU particle simulations for FXSystem 0x000002183FDFA980
[2016.03.09-20.15.12:660][399]LogAIModule: Creating AISystem for world MainMenu
[2016.03.09-20.15.12:774][399]LogEditorServer: Finished looking for orphan Actors (0.000 secs)
[2016.03.09-20.15.12:800][399]Cmd: MAP CHECKDEP NOCLEARLOG
[2016.03.09-20.15.12:838][399]MapCheck: Info Map check complete: 0 Error(s), 0 Warning(s), took 37.325ms to complete.
[2016.03.09-20.15.12:838][399]LogFileHelpers: Loading map 'MainMenu' took 0.256
[2016.03.09-20.15.16:171][796]LogRenderer: Reallocating scene render targets to support 960x556 (Frame:1287).
[2016.03.09-20.15.21:607][404]LogLinker:Warning: Asset 'C:/Users/IrishMTS/Github Repo/FYPProject/Content/FirstPersonBP/Blueprints/FirstPersonHUD.uasset' has been saved with empty engine version. The asset will be loaded but may be incompatible.
[2016.03.09-20.15.22:322][404]LogAIModule: Creating AISystem for world Level_1
[2016.03.09-20.15.22:693][404]Cmd: MAP LOAD FILE="C:/Users/IrishMTS/Github Repo/FYPProject/Content/MyCustomStuff/stufftoignoreforthemoment/Level_1.umap" TEMPLATE=0 SHOWPROGRESS=1 FEATURELEVEL=3
[2016.03.09-20.15.22:693][404]LightingResults: New page: Lighting Build
[2016.03.09-20.15.22:706][404]LoadErrors: New page: Loading map: Level_1.umap
[2016.03.09-20.15.22:706][404]MapCheck: New page: Map Check
[2016.03.09-20.15.22:706][404]LightingResults: New page: Lighting Build
[2016.03.09-20.15.22:862][404]LogParticles: Destroying 0 GPU particle simulations for FXSystem 0x00000218426FD1C0
[2016.03.09-20.15.22:928][404]LogEditorServer: Finished looking for orphan Actors (0.000 secs)
[2016.03.09-20.15.22:972][404]Cmd: MAP CHECKDEP NOCLEARLOG
[2016.03.09-20.15.23:013][404]MapCheck: Info Map check complete: 0 Error(s), 0 Warning(s), took 41.151ms to complete.
[2016.03.09-20.15.23:013][404]LogFileHelpers: Loading map 'Level_1' took 0.321
[2016.03.09-20.15.29:582][ 79]LogPlayLevel: PlayLevel: No blueprints needed recompiling
[2016.03.09-20.15.57:346][739]LogPlayLevel: PlayLevel: No blueprints needed recompiling
[2016.03.09-20.15.58:585][739]PIE: New page: PIE session: Level_1 (9 Mar 2016 20:15:58)
[2016.03.09-20.15.58:598][739]LogPlayLevel: Creating play world package: /Game/MyCustomStuff/stufftoignoreforthemoment/UEDPIE_1_Level_1
[2016.03.09-20.15.58:664][739]LogPlayLevel: PIE: StaticDuplicateObject took: (0.065254s)
[2016.03.09-20.15.58:665][739]LogAIModule: Creating AISystem for world Level_1
[2016.03.09-20.15.58:665][739]LogPlayLevel: PIE: World Init took: (0.000615s)
[2016.03.09-20.15.58:666][739]LogPlayLevel: PIE: Created PIE world by copying editor world from /Game/MyCustomStuff/stufftoignoreforthemoment/Level_1.Level_1 to /Game/MyCustomStuff/stufftoignoreforthemoment/UEDPIE_1_Level_1.Level_1 (0.067105s)
[2016.03.09-20.15.58:730][739]LogInit: XAudio2 using 'Speakers (Realtek High Definition Audio)' : 2 channels at 48 kHz using 32 bits per sample (channel mask 0x3)
[2016.03.09-20.15.58:738][739]LogInit: FAudioDevice initialized.
[2016.03.09-20.15.58:844][739]LogWorld: Game class is 'FirstPersonGameMode_C'
[2016.03.09-20.15.59:036][739]LogWorld: Bringing World /Game/MyCustomStuff/stufftoignoreforthemoment/UEDPIE_1_Level_1.Level_1 up for play (max tick rate 0) at 2016.03.09-20.15.59
[2016.03.09-20.15.59:037][739]LogActor:Warning: GameSession /Game/MyCustomStuff/stufftoignoreforthemoment/UEDPIE_1_Level_1.Level_1:PersistentLevel.GameSession_0 has natively added scene component(s), but none of them were set as the actor's RootComponent - picking one arbitrarily
[2016.03.09-20.15.59:045][739]LogActor:Warning: GameNetworkManager /Game/MyCustomStuff/stufftoignoreforthemoment/UEDPIE_1_Level_1.Level_1:PersistentLevel.GameNetworkManager_0 has natively added scene component(s), but none of them were set as the actor's RootComponent - picking one arbitrarily
[2016.03.09-20.15.59:064][739]LogWorld: Bringing up level for play took: 0.030590
[2016.03.09-20.15.59:274][739]LogInit: WinSock: Socket queue 131072 / 131072
[2016.03.09-20.15.59:283][739]LogInit: WinSock: I am FSS-VoyagerII (192.168.0.10:0)
[2016.03.09-20.15.59:284][739]LogNet: GameNetDriver IpNetDriver_0 IpNetDriver listening on port 7777
[2016.03.09-20.15.59:680][739]PIE: Info Play in editor start time for /Game/MyCustomStuff/stufftoignoreforthemoment/UEDPIE_1_Level_1 1.539
[2016.03.09-20.15.59:683][739]PIE: New page: PIE session: Level_1 (9 Mar 2016 20:15:59)
[2016.03.09-20.15.59:744][739]LogNet: Browse: 127.0.0.1//Game/MyCustomStuff/MainMenu
[2016.03.09-20.15.59:744][739]LogInit: WinSock: Socket queue 32768 / 32768
[2016.03.09-20.15.59:793][739]LogNet: Game client on port 7777, rate 10000
[2016.03.09-20.15.59:793][739]LogNet: GetLocalNetworkVersion: GEngineNetVersion: 2707645, ProjectName: fypproject, ProjectVersion: 1.0.0.0, InternalProtocolVersion: 9, LocalNetworkVersion: 4207154102
[2016.03.09-20.15.59:859][739]PIE: Info Play in editor start time for /Game/MyCustomStuff/MainMenu 1.718
[2016.03.09-20.15.59:865][739]LogNet: NotifyAcceptingConnection: Server Level_1 accept
[2016.03.09-20.15.59:865][739]LogNet: Open Level_1 03/09/16 20:15:59 127.0.0.1
[2016.03.09-20.15.59:865][739]LogNet: Added client connection.  Remote address = 127.0.0.1:59442
[2016.03.09-20.15.59:877][739]LogNet: NotifyAcceptingChannel Control 0 server World /Game/MyCustomStuff/stufftoignoreforthemoment/UEDPIE_1_Level_1.Level_1: Accepted
[2016.03.09-20.15.59:878][739]LogNet: Remote platform little endian=1
[2016.03.09-20.15.59:892][739]LogNet: This platform little endian=1
[2016.03.09-20.15.59:892][739]LogNet: GetLocalNetworkVersion: GEngineNetVersion: 2707645, ProjectName: fypproject, ProjectVersion: 1.0.0.0, InternalProtocolVersion: 9, LocalNetworkVersion: 4207154102
[2016.03.09-20.16.00:098][740]LogRenderer: Reallocating scene render targets to support 1024x768 (Frame:5063).
[2016.03.09-20.16.00:116][740]LogNet: Login request: /Game/MyCustomStuff/MainMenu userId: Invalid
[2016.03.09-20.16.00:116][740]LogNet: Welcomed by server (Level: /Game/MyCustomStuff/stufftoignoreforthemoment/UEDPIE_1_Level_1, Game: /Game/FirstPersonBP/Blueprints/FirstPersonGameMode.FirstPersonGameMode_C)
[2016.03.09-20.16.00:135][740]LogLoad: LoadMap: 127.0.0.1//Game/MyCustomStuff/stufftoignoreforthemoment/UEDPIE_1_Level_1?game=/Game/FirstPersonBP/Blueprints/FirstPersonGameMode.FirstPersonGameMode_C
[2016.03.09-20.16.00:158][740]LogParticles: Destroying 0 GPU particle simulations for FXSystem 0x000002184B573CE0
[2016.03.09-20.16.00:163][740]Cmd: MEM
[2016.03.09-20.16.00:403][740]LogMemory: Platform Memory Stats for Windows
[2016.03.09-20.16.00:403][740]LogMemory: Process Physical Memory: 790.84 MB used, 791.96 MB peak
[2016.03.09-20.16.00:403][740]LogMemory: Process Virtual Memory: 1558.72 MB used, 1558.73 MB peak
[2016.03.09-20.16.00:403][740]LogMemory: Physical Memory: 4970.41 MB used, 8060.57 MB total
[2016.03.09-20.16.00:403][740]LogMemory: Virtual Memory: 2283.54 MB used, 134217728.00 MB total
[2016.03.09-20.16.00:403][740]LogMemory: 
[2016.03.09-20.16.00:403][740]Allocator Stats for TBB: (not implemented)
[2016.03.09-20.16.00:404][740]LogLinker: Can't find file for asset '/Game/MyCustomStuff/stufftoignoreforthemoment/UEDPIE_1_Level_1' while loading NULL.
[2016.03.09-20.16.00:423][740]LogWorld: PIE: Copying PIE streaming level from /Game/MyCustomStuff/stufftoignoreforthemoment/Level_1.Level_1 to /Game/MyCustomStuff/stufftoignoreforthemoment/UEDPIE_2_Level_1.Level_1. OwningWorld: None
[2016.03.09-20.16.00:424][740]LogAIModule: Creating AISystem for world Level_1
[2016.03.09-20.16.00:427][740]LogWorld: Bringing World /Game/MyCustomStuff/stufftoignoreforthemoment/UEDPIE_2_Level_1.Level_1 up for play (max tick rate 0) at 2016.03.09-20.16.00
[2016.03.09-20.16.00:427][740]LogWorld: Bringing up level for play took: 0.002299
[2016.03.09-20.16.00:439][741]LogNet: Client netspeed is 10000
[2016.03.09-20.16.00:439][741]LogNet: Join request: /Game/MyCustomStuff/MainMenu?SplitscreenCount=1
[2016.03.09-20.16.00:523][741]LogNet: Join succeeded: 257
[2016.03.09-20.16.08:419][476]LogSpawn:Warning: SpawnActor failed because we are in the process of tearing down the world
[2016.03.09-20.16.08:505][476]LogNet: UChannel::CleanUp: [GameNetDriver] [None] [None]. ChIndex == 0. Closing connection.
[2016.03.09-20.16.08:508][476]LogNet: UNetConnection::Close: Name: IpConnection_1, Driver: GameNetDriver IpNetDriver_0, PC: None, Owner: None, Channels: 2, RemoteAddr: 127.0.0.1:59442, Time: 2016.03.09-20.16.08
[2016.03.09-20.16.08:519][476]LogNet: UChannel::Close: Sending CloseBunch. ChIndex == 0. Name: ControlChannel_1
[2016.03.09-20.16.08:519][476]LogNet: UChannel::CleanUp: [GameNetDriver] [None] [None]. ChIndex == 0. Closing connection.
[2016.03.09-20.16.08:519][476]LogNet: UNetConnection::Close: Name: IpConnection_0, Driver: GameNetDriver IpNetDriver_1, PC: None, Owner: None, Channels: 2, RemoteAddr: 127.0.0.1:7777, Time: 2016.03.09-20.16.08
[2016.03.09-20.16.08:519][476]LogNet: UChannel::Close: Sending CloseBunch. ChIndex == 0. Name: ControlChannel_0
[2016.03.09-20.16.08:570][476]LogExit: GameNetDriver None shut down
[2016.03.09-20.16.08:570][476]LogExit: GameNetDriver None shut down
[2016.03.09-20.16.08:570][476]LogParticles: Destroying 0 GPU particle simulations for FXSystem 0x00000218719EC2C0
[2016.03.09-20.16.08:701][477]LogParticles: Destroying 0 GPU particle simulations for FXSystem 0x000002184B570AE0
[2016.03.09-20.29.47:387][657]LogAIModule: Creating AISystem for world MainMenu
[2016.03.09-20.29.47:552][657]Cmd: MAP LOAD FILE="C:/Users/IrishMTS/Github Repo/FYPProject/Content/CustomStuff/MainMenu.umap" TEMPLATE=0 SHOWPROGRESS=1 FEATURELEVEL=3
[2016.03.09-20.29.47:552][657]LightingResults: New page: Lighting Build
[2016.03.09-20.29.47:565][657]LoadErrors: New page: Loading map: MainMenu.umap
[2016.03.09-20.29.47:565][657]MapCheck: New page: Map Check
[2016.03.09-20.29.47:565][657]LightingResults: New page: Lighting Build
[2016.03.09-20.29.47:585][657]LogParticles: Destroying 0 GPU particle simulations for FXSystem 0x00000218426FF420
[2016.03.09-20.29.47:641][657]LogEditorServer: Finished looking for orphan Actors (0.000 secs)
[2016.03.09-20.29.47:667][657]Cmd: MAP CHECKDEP NOCLEARLOG
[2016.03.09-20.29.47:713][657]MapCheck: Info Map check complete: 0 Error(s), 0 Warning(s), took 45.339ms to complete.
[2016.03.09-20.29.47:713][657]LogFileHelpers: Loading map 'MainMenu' took 0.162
[2016.03.09-20.29.53:212][299]MapCheck: New page: Map Check
[2016.03.09-20.29.53:417][299]Cmd: MAP REBUILD ALLVISIBLE
[2016.03.09-20.29.53:457][299]LogEditorServer: Rebuildmap Clear paths rebuilt
[2016.03.09-20.29.53:807][299]MapCheck:Warning: Warning WorldSettings Hierarchical LOD System is disabled or no HLOD level settings available, unable to build LOD actors. 
[2016.03.09-20.29.53:807][299]LogStats:          STAT_HLOD_BuildClusters - 34.596 ms
[2016.03.09-20.29.53:819][299]LightingResults: New page: Lighting Build - 9 Mar 2016 20:29:53
[2016.03.09-20.29.57:501][299]LogStaticLightingSystem:Warning: No importance volume found, so the scene bounding box was used.  You can optimize your scene's quality and lighting build times by adding importance volumes.
[2016.03.09-20.29.57:509][299]LogStaticLightingSystem: Running Lightmass w/ ImmediateImport mode ENABLED
[2016.03.09-20.29.57:509][299]LogStaticLightingSystem: Running Lightmass w/ ImmediateProcess mode ENABLED
[2016.03.09-20.29.57:509][299]LogStaticLightingSystem: Running Lightmass w/ Sorting mode ENABLED
[2016.03.09-20.29.57:509][299]LogStaticLightingSystem: Running Lightmass w/ Mapping paddings ENABLED
[2016.03.09-20.29.57:509][299]LogStaticLightingSystem: Running Lightmass w/ Mapping debug paddings DISABLED
[2016.03.09-20.29.57:692][299]LogEditorBuildUtils: Build time 0:00:04
[2016.03.09-20.30.01:639][691]Job is a success!
[2016.03.09-20.30.01:816][692]LogTexture:Display: Building textures: SkyOcclusion0_1 (AutoDXT)
[2016.03.09-20.30.01:937][692]LogTexture:Display: Building textures: LQ_Lightmap_0_3 (DXT1)
[2016.03.09-20.30.01:940][692]LogTexture:Display: Building textures: HQ_Lightmap0_3 (AutoDXT)
[2016.03.09-20.30.01:941][692]LogTexture:Display: Building textures: SkyOcclusion0_3 (AutoDXT)
[2016.03.09-20.30.01:943][692]LogTexture:Display: Building textures: LQ_Lightmap_0_2 (DXT1)
[2016.03.09-20.30.01:952][692]LogTexture:Display: Building textures: HQ_Lightmap0_2 (AutoDXT)
[2016.03.09-20.30.01:964][692]LogTexture:Display: Building textures: SkyOcclusion0_2 (AutoDXT)
[2016.03.09-20.30.01:978][692]LogTexture:Display: Building textures: LQ_Lightmap_0_1 (DXT1)
[2016.03.09-20.30.02:046][692]LogTexture:Display: Building textures: HQ_Lightmap0_1 (AutoDXT)
[2016.03.09-20.30.02:181][692]LogTexture:Display: Building textures: ShadowMapTexture2D_1 (G8)
[2016.03.09-20.30.02:212][692]LogTexture:Display: Building textures: ShadowMapTexture2D_2 (G8)
[2016.03.09-20.30.02:216][692]LogTexture:Display: Building textures: ShadowMapTexture2D_4 (G8)
[2016.03.09-20.30.02:249][692]Lightmass on FSS-VOYAGERII: 3.78 sec total, 126 ms importing, 19 ms setup, 136 ms photons, 3.47 sec processing, 0 ms extra exporting [27/27 mappings]. Threads: 13.8 sec total, 8.29 sec processing.
[2016.03.09-20.30.02:292][692]LogStaticLightingSystem: Illumination: 8.45 sec (443 ms encoding lightmaps)
[2016.03.09-20.30.02:292][692]LogStaticLightingSystem: Lightmap texture memory:  0.7 MB (0.3 MB streaming, 0.3 MB non-streaming), 6 textures
[2016.03.09-20.30.02:292][692]LogStaticLightingSystem: Shadowmap texture memory: 0.3 MB (0.2 MB streaming, 0.2 MB non-streaming), 3 textures
[2016.03.09-20.30.02:487][693]Cmd: MAP CHECK NOTIFYRESULTS
[2016.03.09-20.30.02:488][693]MapCheck: New page: MainMenu - 9 Mar 2016 20:30:02
[2016.03.09-20.30.02:547][693]MapCheck: Info Map check complete: 0 Error(s), 0 Warning(s), took 59.158ms to complete.
[2016.03.09-20.30.06:329][140]LogBlueprintUserMessages: Early PlayInEditor Detection: Level '/Game/CustomStuff/MainMenu.MainMenu:PersistentLevel' has LevelScriptBlueprint '/Game/CustomStuff/MainMenu.MainMenu:PersistentLevel.MainMenu' with GeneratedClass '/Game/CustomStuff/MainMenu.MainMenu_C' with ClassGeneratedBy '/Game/CustomStuff/MainMenu.MainMenu:PersistentLevel.MainMenu'
[2016.03.09-20.30.06:329][140]LogPlayLevel: PlayLevel: No blueprints needed recompiling
[2016.03.09-20.30.06:332][140]PIE: New page: PIE session: MainMenu (9 Mar 2016 20:30:06)
[2016.03.09-20.30.06:332][140]LogPlayLevel: Creating play world package: /Game/CustomStuff/UEDPIE_1_MainMenu
[2016.03.09-20.30.06:359][140]LogPlayLevel: PIE: StaticDuplicateObject took: (0.027552s)
[2016.03.09-20.30.06:360][140]LogAIModule: Creating AISystem for world MainMenu
[2016.03.09-20.30.06:360][140]LogPlayLevel: PIE: World Init took: (0.000583s)
[2016.03.09-20.30.06:360][140]LogPlayLevel: PIE: Created PIE world by copying editor world from /Game/CustomStuff/MainMenu.MainMenu to /Game/CustomStuff/UEDPIE_1_MainMenu.MainMenu (0.028343s)
[2016.03.09-20.30.06:384][140]LogInit: XAudio2 using 'Speakers (Realtek High Definition Audio)' : 2 channels at 48 kHz using 32 bits per sample (channel mask 0x3)
[2016.03.09-20.30.06:392][140]LogInit: FAudioDevice initialized.
[2016.03.09-20.30.06:430][140]LogWorld: Game class is 'GameplayGameMode_C'
[2016.03.09-20.30.06:434][140]LogWorld: Bringing World /Game/CustomStuff/UEDPIE_1_MainMenu.MainMenu up for play (max tick rate 0) at 2016.03.09-20.30.06
[2016.03.09-20.30.06:434][140]LogActor:Warning: GameSession /Game/CustomStuff/UEDPIE_1_MainMenu.MainMenu:PersistentLevel.GameSession_1 has natively added scene component(s), but none of them were set as the actor's RootComponent - picking one arbitrarily
[2016.03.09-20.30.06:434][140]LogActor:Warning: GameNetworkManager /Game/CustomStuff/UEDPIE_1_MainMenu.MainMenu:PersistentLevel.GameNetworkManager_1 has natively added scene component(s), but none of them were set as the actor's RootComponent - picking one arbitrarily
[2016.03.09-20.30.06:435][140]LogWorld: Bringing up level for play took: 0.003238
[2016.03.09-20.30.06:435][140]LogInit: WinSock: Socket queue 131072 / 131072
[2016.03.09-20.30.06:436][140]LogNet: GameNetDriver IpNetDriver_2 IpNetDriver listening on port 7777
[2016.03.09-20.30.06:452][140]PIE: Info Play in editor start time for /Game/CustomStuff/UEDPIE_1_MainMenu 0.311
[2016.03.09-20.30.06:454][140]PIE: New page: PIE session: MainMenu (9 Mar 2016 20:30:06)
[2016.03.09-20.30.06:496][140]LogNet: Browse: 127.0.0.1//Game/MyCustomStuff/MainMenu
[2016.03.09-20.30.06:496][140]LogInit: WinSock: Socket queue 32768 / 32768
[2016.03.09-20.30.06:497][140]LogNet: Game client on port 7777, rate 10000
[2016.03.09-20.30.06:497][140]LogNet: GetLocalNetworkVersion: GEngineNetVersion: 2707645, ProjectName: fypproject, ProjectVersion: 1.0.0.0, InternalProtocolVersion: 9, LocalNetworkVersion: 4207154102
[2016.03.09-20.30.06:511][140]PIE: Info Play in editor start time for /Game/MyCustomStuff/MainMenu 0.37
[2016.03.09-20.30.06:513][140]LogBlueprintUserMessages: Late PlayInEditor Detection: Level '/Game/CustomStuff/MainMenu.MainMenu:PersistentLevel' has LevelScriptBlueprint '/Game/CustomStuff/MainMenu.MainMenu:PersistentLevel.MainMenu' with GeneratedClass '/Game/CustomStuff/MainMenu.MainMenu_C' with ClassGeneratedBy '/Game/CustomStuff/MainMenu.MainMenu:PersistentLevel.MainMenu'
[2016.03.09-20.30.06:513][140]LogNet: NotifyAcceptingConnection: Server MainMenu accept
[2016.03.09-20.30.06:514][140]LogNet: Open MainMenu 03/09/16 20:30:06 127.0.0.1
[2016.03.09-20.30.06:514][140]LogNet: Added client connection.  Remote address = 127.0.0.1:59497
[2016.03.09-20.30.06:514][140]LogNet: NotifyAcceptingChannel Control 0 server World /Game/CustomStuff/UEDPIE_1_MainMenu.MainMenu: Accepted
[2016.03.09-20.30.06:514][140]LogNet: Remote platform little endian=1
[2016.03.09-20.30.06:514][140]LogNet: This platform little endian=1
[2016.03.09-20.30.06:514][140]LogNet: GetLocalNetworkVersion: GEngineNetVersion: 2707645, ProjectName: fypproject, ProjectVersion: 1.0.0.0, InternalProtocolVersion: 9, LocalNetworkVersion: 4207154102
[2016.03.09-20.30.06:539][141]LogNet: Login request: /Game/MyCustomStuff/MainMenu userId: Invalid
[2016.03.09-20.30.06:642][141]LogNet: Welcomed by server (Level: /Game/CustomStuff/UEDPIE_1_MainMenu, Game: /Game/CustomStuff/GamePlayGameMode.GameplayGameMode_C)
[2016.03.09-20.30.06:643][141]LogLoad: LoadMap: 127.0.0.1//Game/CustomStuff/UEDPIE_1_MainMenu?game=/Game/CustomStuff/GamePlayGameMode.GameplayGameMode_C
[2016.03.09-20.30.06:664][141]LogParticles: Destroying 0 GPU particle simulations for FXSystem 0x0000021827AF3CE0
[2016.03.09-20.30.06:667][141]Cmd: MEM
[2016.03.09-20.30.06:689][141]LogMemory: Platform Memory Stats for Windows
[2016.03.09-20.30.06:689][141]LogMemory: Process Physical Memory: 974.26 MB used, 978.32 MB peak
[2016.03.09-20.30.06:689][141]LogMemory: Process Virtual Memory: 1788.63 MB used, 1788.64 MB peak
[2016.03.09-20.30.06:689][141]LogMemory: Physical Memory: 5417.80 MB used, 8060.57 MB total
[2016.03.09-20.30.06:689][141]LogMemory: Virtual Memory: 3036.22 MB used, 134217728.00 MB total
[2016.03.09-20.30.06:689][141]LogMemory: 
[2016.03.09-20.30.06:689][141]Allocator Stats for TBB: (not implemented)
[2016.03.09-20.30.06:689][141]LogLinker: Can't find file for asset '/Game/CustomStuff/UEDPIE_1_MainMenu' while loading NULL.
[2016.03.09-20.30.06:695][141]LogWorld: PIE: Copying PIE streaming level from /Game/CustomStuff/MainMenu.MainMenu to /Game/CustomStuff/UEDPIE_2_MainMenu.MainMenu. OwningWorld: None
[2016.03.09-20.30.06:696][141]LogAIModule: Creating AISystem for world MainMenu
[2016.03.09-20.30.06:700][141]LogWorld: Bringing World /Game/CustomStuff/UEDPIE_2_MainMenu.MainMenu up for play (max tick rate 0) at 2016.03.09-20.30.06
[2016.03.09-20.30.06:700][141]LogWorld: Bringing up level for play took: 0.002915
[2016.03.09-20.30.06:716][142]LogNet: Client netspeed is 10000
[2016.03.09-20.30.06:716][142]LogNet: Join request: /Game/MyCustomStuff/MainMenu?SplitscreenCount=1
[2016.03.09-20.30.06:730][142]LogNet: Join succeeded: 259
[2016.03.09-20.30.16:483][989]LogBlueprintUserMessages: Early EndPlayMap Detection: Level '/Game/CustomStuff/MainMenu.MainMenu:PersistentLevel' has LevelScriptBlueprint '/Game/CustomStuff/MainMenu.MainMenu:PersistentLevel.MainMenu' with GeneratedClass '/Game/CustomStuff/MainMenu.MainMenu_C' with ClassGeneratedBy '/Game/CustomStuff/MainMenu.MainMenu:PersistentLevel.MainMenu'
[2016.03.09-20.30.16:535][989]LogSpawn:Warning: SpawnActor failed because we are in the process of tearing down the world
[2016.03.09-20.30.16:577][989]LogBlueprintUserMessages: Late EndPlayMap Detection: Level '/Game/CustomStuff/MainMenu.MainMenu:PersistentLevel' has LevelScriptBlueprint '/Game/CustomStuff/MainMenu.MainMenu:PersistentLevel.MainMenu' with GeneratedClass '/Game/CustomStuff/MainMenu.MainMenu_C' with ClassGeneratedBy '/Game/CustomStuff/MainMenu.MainMenu:PersistentLevel.MainMenu'
[2016.03.09-20.30.16:595][989]LogNet: UChannel::CleanUp: [GameNetDriver] [None] [None]. ChIndex == 0. Closing connection.
[2016.03.09-20.30.16:595][989]LogNet: UNetConnection::Close: Name: IpConnection_3, Driver: GameNetDriver IpNetDriver_2, PC: None, Owner: None, Channels: 2, RemoteAddr: 127.0.0.1:59497, Time: 2016.03.09-20.30.16
[2016.03.09-20.30.16:595][989]LogNet: UChannel::Close: Sending CloseBunch. ChIndex == 0. Name: ControlChannel_3
[2016.03.09-20.30.16:595][989]LogNet: UChannel::CleanUp: [GameNetDriver] [None] [None]. ChIndex == 0. Closing connection.
[2016.03.09-20.30.16:595][989]LogNet: UNetConnection::Close: Name: IpConnection_2, Driver: GameNetDriver IpNetDriver_3, PC: None, Owner: None, Channels: 2, RemoteAddr: 127.0.0.1:7777, Time: 2016.03.09-20.30.16
[2016.03.09-20.30.16:595][989]LogNet: UChannel::Close: Sending CloseBunch. ChIndex == 0. Name: ControlChannel_2
[2016.03.09-20.30.16:599][989]LogExit: GameNetDriver None shut down
[2016.03.09-20.30.16:599][989]LogExit: GameNetDriver None shut down
[2016.03.09-20.30.16:600][989]LogParticles: Destroying 0 GPU particle simulations for FXSystem 0x00000218253F68E0
[2016.03.09-20.30.16:616][990]LogParticles: Destroying 0 GPU particle simulations for FXSystem 0x000002180526E840
[2016.03.09-20.30.48:636][153]LogBlueprintUserMessages: Early PlayInEditor Detection: Level '/Game/CustomStuff/MainMenu.MainMenu:PersistentLevel' has LevelScriptBlueprint '/Game/CustomStuff/MainMenu.MainMenu:PersistentLevel.MainMenu' with GeneratedClass '/Game/CustomStuff/MainMenu.MainMenu_C' with ClassGeneratedBy '/Game/CustomStuff/MainMenu.MainMenu:PersistentLevel.MainMenu'
[2016.03.09-20.30.48:636][153]LogPlayLevel: PlayLevel: No blueprints needed recompiling
[2016.03.09-20.30.48:639][153]PIE: New page: PIE session: MainMenu (9 Mar 2016 20:30:48)
[2016.03.09-20.30.48:639][153]LogPlayLevel: Creating play world package: /Game/CustomStuff/UEDPIE_1_MainMenu
[2016.03.09-20.30.48:644][153]LogPlayLevel: PIE: StaticDuplicateObject took: (0.004775s)
[2016.03.09-20.30.48:644][153]LogAIModule: Creating AISystem for world MainMenu
[2016.03.09-20.30.48:644][153]LogPlayLevel: PIE: World Init took: (0.000594s)
[2016.03.09-20.30.48:645][153]LogPlayLevel: PIE: Created PIE world by copying editor world from /Game/CustomStuff/MainMenu.MainMenu to /Game/CustomStuff/UEDPIE_1_MainMenu.MainMenu (0.005602s)
[2016.03.09-20.30.48:670][153]LogInit: XAudio2 using 'Speakers (Realtek High Definition Audio)' : 2 channels at 48 kHz using 32 bits per sample (channel mask 0x3)
[2016.03.09-20.30.48:678][153]LogInit: FAudioDevice initialized.
[2016.03.09-20.30.48:864][153]LogWorld: Game class is 'GameplayGameMode_C'
[2016.03.09-20.30.48:867][153]LogWorld: Bringing World /Game/CustomStuff/UEDPIE_1_MainMenu.MainMenu up for play (max tick rate 0) at 2016.03.09-20.30.48
[2016.03.09-20.30.48:867][153]LogActor:Warning: GameSession /Game/CustomStuff/UEDPIE_1_MainMenu.MainMenu:PersistentLevel.GameSession_2 has natively added scene component(s), but none of them were set as the actor's RootComponent - picking one arbitrarily
[2016.03.09-20.30.48:867][153]LogActor:Warning: GameNetworkManager /Game/CustomStuff/UEDPIE_1_MainMenu.MainMenu:PersistentLevel.GameNetworkManager_2 has natively added scene component(s), but none of them were set as the actor's RootComponent - picking one arbitrarily
[2016.03.09-20.30.48:868][153]LogWorld: Bringing up level for play took: 0.003096
[2016.03.09-20.30.48:869][153]LogInit: WinSock: Socket queue 131072 / 131072
[2016.03.09-20.30.48:869][153]LogNet: GameNetDriver IpNetDriver_4 IpNetDriver listening on port 7777
[2016.03.09-20.30.48:891][153]PIE: Info Play in editor start time for /Game/CustomStuff/UEDPIE_1_MainMenu 0.75
[2016.03.09-20.30.48:894][153]PIE: New page: PIE session: MainMenu (9 Mar 2016 20:30:48)
[2016.03.09-20.30.48:940][153]LogNet: Browse: 127.0.0.1//Game/MyCustomStuff/MainMenu
[2016.03.09-20.30.48:940][153]LogInit: WinSock: Socket queue 32768 / 32768
[2016.03.09-20.30.48:941][153]LogNet: Game client on port 7777, rate 10000
[2016.03.09-20.30.48:941][153]LogNet: GetLocalNetworkVersion: GEngineNetVersion: 2707645, ProjectName: fypproject, ProjectVersion: 1.0.0.0, InternalProtocolVersion: 9, LocalNetworkVersion: 4207154102
[2016.03.09-20.30.48:964][153]PIE: Info Play in editor start time for /Game/MyCustomStuff/MainMenu 0.823
[2016.03.09-20.30.48:966][153]LogBlueprintUserMessages: Late PlayInEditor Detection: Level '/Game/CustomStuff/MainMenu.MainMenu:PersistentLevel' has LevelScriptBlueprint '/Game/CustomStuff/MainMenu.MainMenu:PersistentLevel.MainMenu' with GeneratedClass '/Game/CustomStuff/MainMenu.MainMenu_C' with ClassGeneratedBy '/Game/CustomStuff/MainMenu.MainMenu:PersistentLevel.MainMenu'
[2016.03.09-20.30.48:966][153]LogNet: NotifyAcceptingConnection: Server MainMenu accept
[2016.03.09-20.30.48:966][153]LogNet: Open MainMenu 03/09/16 20:30:48 127.0.0.1
[2016.03.09-20.30.48:966][153]LogNet: Added client connection.  Remote address = 127.0.0.1:57720
[2016.03.09-20.30.48:966][153]LogNet: NotifyAcceptingChannel Control 0 server World /Game/CustomStuff/UEDPIE_1_MainMenu.MainMenu: Accepted
[2016.03.09-20.30.48:966][153]LogNet: Remote platform little endian=1
[2016.03.09-20.30.48:966][153]LogNet: This platform little endian=1
[2016.03.09-20.30.48:967][153]LogNet: GetLocalNetworkVersion: GEngineNetVersion: 2707645, ProjectName: fypproject, ProjectVersion: 1.0.0.0, InternalProtocolVersion: 9, LocalNetworkVersion: 4207154102
[2016.03.09-20.30.48:986][154]LogNet: Login request: /Game/MyCustomStuff/MainMenu userId: Invalid
[2016.03.09-20.30.48:987][154]LogNet: Welcomed by server (Level: /Game/CustomStuff/UEDPIE_1_MainMenu, Game: /Game/CustomStuff/GamePlayGameMode.GameplayGameMode_C)
[2016.03.09-20.30.49:009][154]LogLoad: LoadMap: 127.0.0.1//Game/CustomStuff/UEDPIE_1_MainMenu?game=/Game/CustomStuff/GamePlayGameMode.GameplayGameMode_C
[2016.03.09-20.30.49:031][154]LogParticles: Destroying 0 GPU particle simulations for FXSystem 0x00000218308982C0
[2016.03.09-20.30.49:034][154]Cmd: MEM
[2016.03.09-20.30.49:057][154]LogMemory: Platform Memory Stats for Windows
[2016.03.09-20.30.49:057][154]LogMemory: Process Physical Memory: 1002.52 MB used, 1005.52 MB peak
[2016.03.09-20.30.49:057][154]LogMemory: Process Virtual Memory: 1949.34 MB used, 1950.34 MB peak
[2016.03.09-20.30.49:058][154]LogMemory: Physical Memory: 5463.09 MB used, 8060.57 MB total
[2016.03.09-20.30.49:058][154]LogMemory: Virtual Memory: 3192.69 MB used, 134217728.00 MB total
[2016.03.09-20.30.49:058][154]LogMemory: 
[2016.03.09-20.30.49:058][154]Allocator Stats for TBB: (not implemented)
[2016.03.09-20.30.49:058][154]LogLinker: Can't find file for asset '/Game/CustomStuff/UEDPIE_1_MainMenu' while loading NULL.
[2016.03.09-20.30.49:062][154]LogWorld: PIE: Copying PIE streaming level from /Game/CustomStuff/MainMenu.MainMenu to /Game/CustomStuff/UEDPIE_2_MainMenu.MainMenu. OwningWorld: None
[2016.03.09-20.30.49:062][154]LogAIModule: Creating AISystem for world MainMenu
[2016.03.09-20.30.49:066][154]LogWorld: Bringing World /Game/CustomStuff/UEDPIE_2_MainMenu.MainMenu up for play (max tick rate 0) at 2016.03.09-20.30.49
[2016.03.09-20.30.49:066][154]LogWorld: Bringing up level for play took: 0.002795
[2016.03.09-20.30.49:098][155]LogNet: Client netspeed is 10000
[2016.03.09-20.30.49:098][155]LogNet: Join request: /Game/MyCustomStuff/MainMenu?SplitscreenCount=1
[2016.03.09-20.30.49:100][155]LogNet: Join succeeded: 261
[2016.03.09-20.30.55:998][583]LogBlueprintUserMessages: Early EndPlayMap Detection: Level '/Game/CustomStuff/MainMenu.MainMenu:PersistentLevel' has LevelScriptBlueprint '/Game/CustomStuff/MainMenu.MainMenu:PersistentLevel.MainMenu' with GeneratedClass '/Game/CustomStuff/MainMenu.MainMenu_C' with ClassGeneratedBy '/Game/CustomStuff/MainMenu.MainMenu:PersistentLevel.MainMenu'
[2016.03.09-20.30.56:045][583]LogSpawn:Warning: SpawnActor failed because we are in the process of tearing down the world
[2016.03.09-20.30.56:087][583]LogBlueprintUserMessages: Late EndPlayMap Detection: Level '/Game/CustomStuff/MainMenu.MainMenu:PersistentLevel' has LevelScriptBlueprint '/Game/CustomStuff/MainMenu.MainMenu:PersistentLevel.MainMenu' with GeneratedClass '/Game/CustomStuff/MainMenu.MainMenu_C' with ClassGeneratedBy '/Game/CustomStuff/MainMenu.MainMenu:PersistentLevel.MainMenu'
[2016.03.09-20.30.56:106][583]LogNet: UChannel::CleanUp: [GameNetDriver] [None] [None]. ChIndex == 0. Closing connection.
[2016.03.09-20.30.56:106][583]LogNet: UNetConnection::Close: Name: IpConnection_5, Driver: GameNetDriver IpNetDriver_4, PC: None, Owner: None, Channels: 2, RemoteAddr: 127.0.0.1:57720, Time: 2016.03.09-20.30.56
[2016.03.09-20.30.56:106][583]LogNet: UChannel::Close: Sending CloseBunch. ChIndex == 0. Name: ControlChannel_5
[2016.03.09-20.30.56:106][583]LogNet: UChannel::CleanUp: [GameNetDriver] [None] [None]. ChIndex == 0. Closing connection.
[2016.03.09-20.30.56:106][583]LogNet: UNetConnection::Close: Name: IpConnection_4, Driver: GameNetDriver IpNetDriver_5, PC: None, Owner: None, Channels: 2, RemoteAddr: 127.0.0.1:7777, Time: 2016.03.09-20.30.56
[2016.03.09-20.30.56:106][583]LogNet: UChannel::Close: Sending CloseBunch. ChIndex == 0. Name: ControlChannel_4
[2016.03.09-20.30.56:110][583]LogExit: GameNetDriver None shut down
[2016.03.09-20.30.56:111][583]LogParticles: Destroying 0 GPU particle simulations for FXSystem 0x000002183089AE80
[2016.03.09-20.30.56:111][583]LogExit: GameNetDriver None shut down
[2016.03.09-20.30.56:111][583]LogParticles: Destroying 0 GPU particle simulations for FXSystem 0x00000218279F76A0
[2016.03.09-20.31.35:322][670]Cmd: OBJ SAVEPACKAGE PACKAGE="/Game/CustomStuff/MainMenu" FILE="C:/Users/IrishMTS/Github Repo/FYPProject/Content/CustomStuff/MainMenu.umap" SILENT=true AUTOSAVING=false KEEPDIRTY=false
[2016.03.09-20.31.35:360][670]LogParticles: Destroying 0 GPU particle simulations for FXSystem 0x000002185B768EA0
[2016.03.09-20.31.35:361][670]LogParticles: Destroying 0 GPU particle simulations for FXSystem 0x000002184B13CF40
[2016.03.09-20.31.35:391][670]LogParticles: Destroying 0 GPU particle simulations for FXSystem 0x000002184B13FF60
[2016.03.09-20.31.35:714][670]LogSavePackage: Save=322.302429ms
[2016.03.09-20.31.35:714][670]LogSavePackage: Moving 'C:/Users/IrishMTS/Github Repo/FYPProject/Saved/MainMenuFE10A53E47C4F5E7F3D16EAC13F9214A.tmp' to 'C:/Users/IrishMTS/Github Repo/FYPProject/Content/CustomStuff/MainMenu.umap'
[2016.03.09-20.31.35:731][670]LogSavePackage: Total save time: 366.339963ms
[2016.03.09-20.31.35:731][670]LogSavePackage:Warning: Finished SavePackage C:/Users/IrishMTS/Github Repo/FYPProject/Content/CustomStuff/MainMenu.umap
[2016.03.09-20.31.36:884][781]LogLinker:Warning: Asset 'C:/Users/IrishMTS/Github Repo/FYPProject/Content/FirstPersonBP/Blueprints/FirstPersonProjectile.uasset' has been saved with empty engine version. The asset will be loaded but may be incompatible.
[2016.03.09-20.31.36:891][781]LogLinker:Warning: Asset 'C:/Users/IrishMTS/Github Repo/FYPProject/Content/FirstPerson/Meshes/FirstPersonProjectileMesh.uasset' has been saved with empty engine version. The asset will be loaded but may be incompatible.
[2016.03.09-20.31.37:747][781]LogAIModule: Creating AISystem for world Lvl1
[2016.03.09-20.31.37:830][781]Cmd: MAP LOAD FILE="C:/Users/IrishMTS/Github Repo/FYPProject/Content/CustomStuff/Lvl1.umap" TEMPLATE=0 SHOWPROGRESS=1 FEATURELEVEL=3
[2016.03.09-20.31.37:830][781]LightingResults: New page: Lighting Build
[2016.03.09-20.31.37:843][781]LoadErrors: New page: Loading map: Lvl1.umap
[2016.03.09-20.31.37:843][781]MapCheck: New page: Map Check
[2016.03.09-20.31.37:843][781]LightingResults: New page: Lighting Build
[2016.03.09-20.31.37:861][781]LogParticles: Destroying 0 GPU particle simulations for FXSystem 0x00000218426FD1C0
[2016.03.09-20.31.37:996][781]LogEditorServer: Finished looking for orphan Actors (0.000 secs)
[2016.03.09-20.31.38:037][781]Cmd: MAP CHECKDEP NOCLEARLOG
[2016.03.09-20.31.38:087][781]MapCheck: Info Map check complete: 0 Error(s), 0 Warning(s), took 50.121ms to complete.
[2016.03.09-20.31.38:087][781]LogFileHelpers: Loading map 'Lvl1' took 0.258
[2016.03.09-20.32.05:791][567]LogMetaData: Removing '/Game/CustomStuff/Old_Stuff/Lvl1.Lvl1_C' ref from Metadata '/Game/CustomStuff/Lvl1.PackageMetaData'
[2016.03.09-20.32.05:791][567]LogMetaData: Removing '/Game/CustomStuff/Old_Stuff/Lvl1.SKEL_Lvl1_C' ref from Metadata '/Game/CustomStuff/Lvl1.PackageMetaData'
[2016.03.09-20.32.06:007][567]Cmd: OBJ SAVEPACKAGE PACKAGE="/Game/CustomStuff/Old_Stuff/Lvl1" FILE="C:/Users/IrishMTS/Github Repo/FYPProject/Content/CustomStuff/Old_Stuff/Lvl1.umap" SILENT=true AUTOSAVING=false KEEPDIRTY=false
[2016.03.09-20.32.07:092][567]LogSavePackage: Save=1062.142700ms
[2016.03.09-20.32.07:092][567]LogSavePackage: Moving 'C:/Users/IrishMTS/Github Repo/FYPProject/Saved/Lvl141A16F324DF938AB842111A0E4526991.tmp' to 'C:/Users/IrishMTS/Github Repo/FYPProject/Content/CustomStuff/Old_Stuff/Lvl1.umap'
[2016.03.09-20.32.07:093][567]LogSavePackage: Total save time: 1063.737247ms
[2016.03.09-20.32.07:093][567]LogSavePackage:Warning: Finished SavePackage C:/Users/IrishMTS/Github Repo/FYPProject/Content/CustomStuff/Old_Stuff/Lvl1.umap
[2016.03.09-20.32.07:158][567]LogFileHelpers: Saving map 'Lvl1' took 1.205
[2016.03.09-20.32.46:194][221]LogAIModule: Creating AISystem for world MainMenu
[2016.03.09-20.32.49:054][553]LogAIModule: Creating AISystem for world MainMenu
[2016.03.09-20.32.56:491][436]Cmd: MAP LOAD FILE="C:/Users/IrishMTS/Github Repo/FYPProject/Content/MyCustomStuff/MainMenu.umap" TEMPLATE=0 SHOWPROGRESS=1 FEATURELEVEL=3
[2016.03.09-20.32.56:491][436]LightingResults: New page: Lighting Build
[2016.03.09-20.32.56:503][436]LoadErrors: New page: Loading map: MainMenu.umap
[2016.03.09-20.32.56:504][436]MapCheck: New page: Map Check
[2016.03.09-20.32.56:504][436]LightingResults: New page: Lighting Build
[2016.03.09-20.32.56:523][436]LogParticles: Destroying 0 GPU particle simulations for FXSystem 0x000002182536EF20
[2016.03.09-20.32.56:716][436]LogEditorServer: Finished looking for orphan Actors (0.000 secs)
[2016.03.09-20.32.56:743][436]Cmd: MAP CHECKDEP NOCLEARLOG
[2016.03.09-20.32.56:794][436]MapCheck: Info Map check complete: 0 Error(s), 0 Warning(s), took 51.216ms to complete.
[2016.03.09-20.32.56:795][436]LogFileHelpers: Loading map 'MainMenu' took 0.306
[2016.03.09-20.33.17:031][851]LogAIModule: Creating AISystem for world Level_1
[2016.03.09-20.33.23:532][609]Cmd: OBJ SAVEPACKAGE PACKAGE="/Game/CustomStuff/Level_1" FILE="C:/Users/IrishMTS/Github Repo/FYPProject/Content/CustomStuff/Level_1.umap" SILENT=true AUTOSAVING=false KEEPDIRTY=false
[2016.03.09-20.33.23:606][609]LogSavePackage: Save=47.359692ms
[2016.03.09-20.33.23:606][609]LogSavePackage: Moving 'C:/Users/IrishMTS/Github Repo/FYPProject/Saved/Level_1760E90F541E089B98C041F8353268D50.tmp' to 'C:/Users/IrishMTS/Github Repo/FYPProject/Content/CustomStuff/Level_1.umap'
[2016.03.09-20.33.23:608][609]LogSavePackage: Total save time: 49.149930ms
[2016.03.09-20.33.23:608][609]LogSavePackage:Warning: Finished SavePackage C:/Users/IrishMTS/Github Repo/FYPProject/Content/CustomStuff/Level_1.umap
[2016.03.09-20.33.23:609][609]LogFileHelpers: Saving map 'Level_1' took 0.131
[2016.03.09-20.33.55:772][410]LogActorComponent: UnregisterComponent: (/Engine/Transient.CharMoveComp) Not registered. Aborting.
[2016.03.09-20.33.55:794][410]LogMetaData: Removing '/Game/CustomStuff/Peter/Peter.Peter_C' ref from Metadata '/Game/MyCustomStuff/stufftoignoreforthemoment/Peter/Peter.PackageMetaData'
[2016.03.09-20.33.55:794][410]LogMetaData: Removing '/Game/CustomStuff/Peter/Peter.SKEL_Peter_C' ref from Metadata '/Game/MyCustomStuff/stufftoignoreforthemoment/Peter/Peter.PackageMetaData'
[2016.03.09-20.33.55:829][410]Cmd: OBJ SAVEPACKAGE PACKAGE="/Game/CustomStuff/Peter/model_Skeleton" FILE="C:/Users/IrishMTS/Github Repo/FYPProject/Content/CustomStuff/Peter/model_Skeleton.uasset" SILENT=true
[2016.03.09-20.33.55:835][410]LogSavePackage: Save=3.990380ms
[2016.03.09-20.33.55:835][410]LogSavePackage: Moving 'C:/Users/IrishMTS/Github Repo/FYPProject/Saved/model_Skeleton04F8B8114938042BA2CD22915B08CC31.tmp' to 'C:/Users/IrishMTS/Github Repo/FYPProject/Content/CustomStuff/Peter/model_Skeleton.uasset'
[2016.03.09-20.33.55:836][410]LogSavePackage: Total save time: 5.775064ms
[2016.03.09-20.33.55:836][410]LogSavePackage:Warning: Finished SavePackage C:/Users/IrishMTS/Github Repo/FYPProject/Content/CustomStuff/Peter/model_Skeleton.uasset
[2016.03.09-20.33.55:882][410]Cmd: OBJ SAVEPACKAGE PACKAGE="/Game/CustomStuff/Peter/SittingSmiling" FILE="C:/Users/IrishMTS/Github Repo/FYPProject/Content/CustomStuff/Peter/SittingSmiling.uasset" SILENT=true
[2016.03.09-20.33.55:928][410]LogSavePackage: Save=45.818130ms
[2016.03.09-20.33.55:928][410]LogSavePackage: Moving 'C:/Users/IrishMTS/Github Repo/FYPProject/Saved/SittingSmiling3116123F404652296369E99D01203495.tmp' to 'C:/Users/IrishMTS/Github Repo/FYPProject/Content/CustomStuff/Peter/SittingSmiling.uasset'
[2016.03.09-20.33.55:930][410]LogSavePackage: Total save time: 47.371391ms
[2016.03.09-20.33.55:930][410]LogSavePackage:Warning: Finished SavePackage C:/Users/IrishMTS/Github Repo/FYPProject/Content/CustomStuff/Peter/SittingSmiling.uasset
[2016.03.09-20.33.55:946][410]Cmd: OBJ SAVEPACKAGE PACKAGE="/Game/CustomStuff/Peter/m013_body_color_copyright" FILE="C:/Users/IrishMTS/Github Repo/FYPProject/Content/CustomStuff/Peter/m013_body_color_copyright.uasset" SILENT=true
[2016.03.09-20.33.56:007][410]LogSavePackage: Save=59.580101ms
[2016.03.09-20.33.56:007][410]LogSavePackage: Moving 'C:/Users/IrishMTS/Github Repo/FYPProject/Saved/m013_body_color_copyright8005B91F464C1A7FD72E578021A673AD.tmp' to 'C:/Users/IrishMTS/Github Repo/FYPProject/Content/CustomStuff/Peter/m013_body_color_copyright.uasset'
[2016.03.09-20.33.56:008][410]LogSavePackage: Total save time: 61.237808ms
[2016.03.09-20.33.56:008][410]LogSavePackage:Warning: Finished SavePackage C:/Users/IrishMTS/Github Repo/FYPProject/Content/CustomStuff/Peter/m013_body_color_copyright.uasset
[2016.03.09-20.33.56:031][410]Cmd: OBJ SAVEPACKAGE PACKAGE="/Game/CustomStuff/Peter/Peter_LOD_0_Body" FILE="C:/Users/IrishMTS/Github Repo/FYPProject/Content/CustomStuff/Peter/Peter_LOD_0_Body.uasset" SILENT=true
[2016.03.09-20.33.56:043][410]LogSavePackage: Save=11.945395ms
[2016.03.09-20.33.56:043][410]LogSavePackage: Moving 'C:/Users/IrishMTS/Github Repo/FYPProject/Saved/Peter_LOD_0_Body8D3FAD164AC6F0A427406D9C386B0334.tmp' to 'C:/Users/IrishMTS/Github Repo/FYPProject/Content/CustomStuff/Peter/Peter_LOD_0_Body.uasset'
[2016.03.09-20.33.56:045][410]LogSavePackage: Total save time: 13.276011ms
[2016.03.09-20.33.56:045][410]LogSavePackage:Warning: Finished SavePackage C:/Users/IrishMTS/Github Repo/FYPProject/Content/CustomStuff/Peter/Peter_LOD_0_Body.uasset
[2016.03.09-20.33.56:056][410]Cmd: OBJ SAVEPACKAGE PACKAGE="/Game/CustomStuff/Peter/m013_head_color" FILE="C:/Users/IrishMTS/Github Repo/FYPProject/Content/CustomStuff/Peter/m013_head_color.uasset" SILENT=true
[2016.03.09-20.33.56:120][410]LogSavePackage: Save=63.402840ms
[2016.03.09-20.33.56:120][410]LogSavePackage: Moving 'C:/Users/IrishMTS/Github Repo/FYPProject/Saved/m013_head_color3816633C43D6B881489EC0B72EA1097C.tmp' to 'C:/Users/IrishMTS/Github Repo/FYPProject/Content/CustomStuff/Peter/m013_head_color.uasset'
[2016.03.09-20.33.56:122][410]LogSavePackage: Total save time: 64.913385ms
[2016.03.09-20.33.56:122][410]LogSavePackage:Warning: Finished SavePackage C:/Users/IrishMTS/Github Repo/FYPProject/Content/CustomStuff/Peter/m013_head_color.uasset
[2016.03.09-20.33.56:140][410]Cmd: OBJ SAVEPACKAGE PACKAGE="/Game/CustomStuff/Peter/Peter_LOD_0_Skin" FILE="C:/Users/IrishMTS/Github Repo/FYPProject/Content/CustomStuff/Peter/Peter_LOD_0_Skin.uasset" SILENT=true
[2016.03.09-20.33.56:152][410]LogSavePackage: Save=11.635561ms
[2016.03.09-20.33.56:152][410]LogSavePackage: Moving 'C:/Users/IrishMTS/Github Repo/FYPProject/Saved/Peter_LOD_0_Skin3ED32C8847E63460C9CCDBA5EE2ED688.tmp' to 'C:/Users/IrishMTS/Github Repo/FYPProject/Content/CustomStuff/Peter/Peter_LOD_0_Skin.uasset'
[2016.03.09-20.33.56:154][410]LogSavePackage: Total save time: 13.099004ms
[2016.03.09-20.33.56:154][410]LogSavePackage:Warning: Finished SavePackage C:/Users/IrishMTS/Github Repo/FYPProject/Content/CustomStuff/Peter/Peter_LOD_0_Skin.uasset
[2016.03.09-20.33.56:172][410]Cmd: OBJ SAVEPACKAGE PACKAGE="/Game/CustomStuff/Peter/model" FILE="C:/Users/IrishMTS/Github Repo/FYPProject/Content/CustomStuff/Peter/model.uasset" SILENT=true
[2016.03.09-20.33.56:192][410]LogSavePackage: Save=19.101105ms
[2016.03.09-20.33.56:192][410]LogSavePackage: Moving 'C:/Users/IrishMTS/Github Repo/FYPProject/Saved/model5ADDE21241133755D4A8AFA1A0F5BB96.tmp' to 'C:/Users/IrishMTS/Github Repo/FYPProject/Content/CustomStuff/Peter/model.uasset'
[2016.03.09-20.33.56:193][410]LogSavePackage: Total save time: 20.660508ms
[2016.03.09-20.33.56:193][410]LogSavePackage:Warning: Finished SavePackage C:/Users/IrishMTS/Github Repo/FYPProject/Content/CustomStuff/Peter/model.uasset
[2016.03.09-20.33.56:213][410]Cmd: OBJ SAVEPACKAGE PACKAGE="/Game/CustomStuff/Peter/Peter" FILE="C:/Users/IrishMTS/Github Repo/FYPProject/Content/CustomStuff/Peter/Peter.uasset" SILENT=true
[2016.03.09-20.33.56:238][410]LogSavePackage: Save=23.582712ms
[2016.03.09-20.33.56:238][410]LogSavePackage: Moving 'C:/Users/IrishMTS/Github Repo/FYPProject/Saved/Peter1ECFD7EB449F279CA19D36B1FB666C28.tmp' to 'C:/Users/IrishMTS/Github Repo/FYPProject/Content/CustomStuff/Peter/Peter.uasset'
[2016.03.09-20.33.56:239][410]LogSavePackage: Total save time: 25.413621ms
[2016.03.09-20.33.56:239][410]LogSavePackage:Warning: Finished SavePackage C:/Users/IrishMTS/Github Repo/FYPProject/Content/CustomStuff/Peter/Peter.uasset
[2016.03.09-20.33.56:257][410]Cmd: OBJ SAVEPACKAGE PACKAGE="/Game/CustomStuff/Peter/Sitting" FILE="C:/Users/IrishMTS/Github Repo/FYPProject/Content/CustomStuff/Peter/Sitting.uasset" SILENT=true
[2016.03.09-20.33.56:270][410]LogSavePackage: Save=11.565637ms
[2016.03.09-20.33.56:270][410]LogSavePackage: Moving 'C:/Users/IrishMTS/Github Repo/FYPProject/Saved/Sitting371ED30E4F1A8953A98E4E802823860E.tmp' to 'C:/Users/IrishMTS/Github Repo/FYPProject/Content/CustomStuff/Peter/Sitting.uasset'
[2016.03.09-20.33.56:271][410]LogSavePackage: Total save time: 13.084669ms
[2016.03.09-20.33.56:271][410]LogSavePackage:Warning: Finished SavePackage C:/Users/IrishMTS/Github Repo/FYPProject/Content/CustomStuff/Peter/Sitting.uasset
[2016.03.09-20.33.56:298][410]LogActorComponent: UnregisterComponent: (/Engine/Transient.CharMoveComp) Not registered. Aborting.
[2016.03.09-20.33.56:930][410]Cmd: OBJ SAVEPACKAGE PACKAGE="/Game/FirstPersonBP/Blueprints/FirstPersonGameMode" FILE="C:/Users/IrishMTS/Github Repo/FYPProject/Content/FirstPersonBP/Blueprints/FirstPersonGameMode.uasset" SILENT=true
[2016.03.09-20.33.56:943][410]LogSavePackage: Save=7.415805ms
[2016.03.09-20.33.56:943][410]LogSavePackage: Moving 'C:/Users/IrishMTS/Github Repo/FYPProject/Saved/FirstPersonGameMode79FAD5D7434DBC3AC11E5DB7E28DE576.tmp' to 'C:/Users/IrishMTS/Github Repo/FYPProject/Content/FirstPersonBP/Blueprints/FirstPersonGameMode.uasset'
[2016.03.09-20.33.56:944][410]LogSavePackage: Total save time: 13.229784ms
[2016.03.09-20.33.56:944][410]LogSavePackage:Warning: Finished SavePackage C:/Users/IrishMTS/Github Repo/FYPProject/Content/FirstPersonBP/Blueprints/FirstPersonGameMode.uasset
[2016.03.09-20.34.07:504][635]Cmd: OBJ SAVEPACKAGE PACKAGE="/Game/CustomStuff/fonts/HiddenMeanings" FILE="C:/Users/IrishMTS/Github Repo/FYPProject/Content/CustomStuff/fonts/HiddenMeanings.uasset" SILENT=true
[2016.03.09-20.34.07:513][635]LogSavePackage: Save=7.144007ms
[2016.03.09-20.34.07:513][635]LogSavePackage: Moving 'C:/Users/IrishMTS/Github Repo/FYPProject/Saved/HiddenMeaningsC41B3C0940067F6D1DEE5FB819D93F31.tmp' to 'C:/Users/IrishMTS/Github Repo/FYPProject/Content/CustomStuff/fonts/HiddenMeanings.uasset'
[2016.03.09-20.34.07:514][635]LogSavePackage: Total save time: 8.612715ms
[2016.03.09-20.34.07:514][635]LogSavePackage:Warning: Finished SavePackage C:/Users/IrishMTS/Github Repo/FYPProject/Content/CustomStuff/fonts/HiddenMeanings.uasset
[2016.03.09-20.34.07:542][635]LogActorComponent: UnregisterComponent: (/Engine/Transient.CharMoveComp) Not registered. Aborting.
[2016.03.09-20.34.30:287][341]Cmd: MAP LOAD FILE="C:/Users/IrishMTS/Github Repo/FYPProject/Content/CustomStuff/Level_1.umap" TEMPLATE=0 SHOWPROGRESS=1 FEATURELEVEL=3
[2016.03.09-20.34.30:287][341]LightingResults: New page: Lighting Build
[2016.03.09-20.34.30:300][341]LoadErrors: New page: Loading map: Level_1.umap
[2016.03.09-20.34.30:300][341]MapCheck: New page: Map Check
[2016.03.09-20.34.30:300][341]LightingResults: New page: Lighting Build
[2016.03.09-20.34.30:365][341]LogParticles: Destroying 0 GPU particle simulations for FXSystem 0x00000218733A0AE0
[2016.03.09-20.34.30:365][341]LogEditorServer: Finished looking for orphan Actors (0.000 secs)
[2016.03.09-20.34.30:400][341]Cmd: MAP CHECKDEP NOCLEARLOG
[2016.03.09-20.34.30:451][341]MapCheck: Info Map check complete: 0 Error(s), 0 Warning(s), took 50.753ms to complete.
[2016.03.09-20.34.30:451][341]LogFileHelpers: Loading map 'Level_1' took 0.166
[2016.03.09-20.34.45:075][ 34]LogUObjectGlobals:Warning: Failed to find object 'Class None.None'
[2016.03.09-20.34.59:533][747]LogSlate:Warning: Prevented a slow task dialog from being summoned while a context menu was open
[2016.03.09-20.35.00:509][862]LogSlate:Warning: Prevented a slow task dialog from being summoned while a context menu was open
[2016.03.09-20.35.06:714][578]LogPlayLevel: PlayLevel: No blueprints needed recompiling
[2016.03.09-20.35.06:717][578]PIE: New page: PIE session: Level_1 (9 Mar 2016 20:35:06)
[2016.03.09-20.35.06:717][578]LogPlayLevel: Creating play world package: /Game/CustomStuff/UEDPIE_1_Level_1
[2016.03.09-20.35.06:721][578]LogPlayLevel: PIE: StaticDuplicateObject took: (0.004068s)
[2016.03.09-20.35.06:722][578]LogAIModule: Creating AISystem for world Level_1
[2016.03.09-20.35.06:722][578]LogPlayLevel: PIE: World Init took: (0.000655s)
[2016.03.09-20.35.06:722][578]LogPlayLevel: PIE: Created PIE world by copying editor world from /Game/CustomStuff/Level_1.Level_1 to /Game/CustomStuff/UEDPIE_1_Level_1.Level_1 (0.004979s)
[2016.03.09-20.35.06:745][578]LogInit: XAudio2 using 'Speakers (Realtek High Definition Audio)' : 2 channels at 48 kHz using 32 bits per sample (channel mask 0x3)
[2016.03.09-20.35.06:754][578]LogInit: FAudioDevice initialized.
[2016.03.09-20.35.06:793][578]LogWorld: Game class is 'FirstPersonGameMode_C'
[2016.03.09-20.35.06:797][578]LogWorld: Bringing World /Game/CustomStuff/UEDPIE_1_Level_1.Level_1 up for play (max tick rate 0) at 2016.03.09-20.35.06
[2016.03.09-20.35.06:797][578]LogActor:Warning: GameSession /Game/CustomStuff/UEDPIE_1_Level_1.Level_1:PersistentLevel.GameSession_3 has natively added scene component(s), but none of them were set as the actor's RootComponent - picking one arbitrarily
[2016.03.09-20.35.06:797][578]LogActor:Warning: GameNetworkManager /Game/CustomStuff/UEDPIE_1_Level_1.Level_1:PersistentLevel.GameNetworkManager_3 has natively added scene component(s), but none of them were set as the actor's RootComponent - picking one arbitrarily
[2016.03.09-20.35.06:797][578]LogWorld: Bringing up level for play took: 0.002781
[2016.03.09-20.35.06:798][578]LogSpawn:Warning: SpawnActor failed because no class was specified
[2016.03.09-20.35.06:798][578]LogInit: WinSock: Socket queue 131072 / 131072
[2016.03.09-20.35.06:798][578]LogNet: GameNetDriver IpNetDriver_6 IpNetDriver listening on port 7777
[2016.03.09-20.35.06:815][578]PIE: Info Play in editor start time for /Game/CustomStuff/UEDPIE_1_Level_1 0.674
[2016.03.09-20.35.06:818][578]PIE: New page: PIE session: Level_1 (9 Mar 2016 20:35:06)
[2016.03.09-20.35.06:862][578]LogNet: Browse: 127.0.0.1//Game/MyCustomStuff/MainMenu
[2016.03.09-20.35.06:863][578]LogInit: WinSock: Socket queue 32768 / 32768
[2016.03.09-20.35.06:863][578]LogNet: Game client on port 7777, rate 10000
[2016.03.09-20.35.06:863][578]LogNet: GetLocalNetworkVersion: GEngineNetVersion: 2707645, ProjectName: fypproject, ProjectVersion: 1.0.0.0, InternalProtocolVersion: 9, LocalNetworkVersion: 4207154102
[2016.03.09-20.35.06:878][578]PIE: Info Play in editor start time for /Game/MyCustomStuff/MainMenu 0.738
[2016.03.09-20.35.06:881][578]LogNet: NotifyAcceptingConnection: Server Level_1 accept
[2016.03.09-20.35.06:881][578]LogNet: Open Level_1 03/09/16 20:35:06 127.0.0.1
[2016.03.09-20.35.06:881][578]LogNet: Added client connection.  Remote address = 127.0.0.1:61309
[2016.03.09-20.35.06:881][578]LogNet: NotifyAcceptingChannel Control 0 server World /Game/CustomStuff/UEDPIE_1_Level_1.Level_1: Accepted
[2016.03.09-20.35.06:881][578]LogNet: Remote platform little endian=1
[2016.03.09-20.35.06:881][578]LogNet: This platform little endian=1
[2016.03.09-20.35.06:881][578]LogNet: GetLocalNetworkVersion: GEngineNetVersion: 2707645, ProjectName: fypproject, ProjectVersion: 1.0.0.0, InternalProtocolVersion: 9, LocalNetworkVersion: 4207154102
[2016.03.09-20.35.06:893][579]LogNet: Login request: /Game/MyCustomStuff/MainMenu userId: Invalid
[2016.03.09-20.35.06:893][579]LogNet: Welcomed by server (Level: /Game/CustomStuff/UEDPIE_1_Level_1, Game: /Game/FirstPersonBP/Blueprints/FirstPersonGameMode.FirstPersonGameMode_C)
[2016.03.09-20.35.06:912][579]LogLoad: LoadMap: 127.0.0.1//Game/CustomStuff/UEDPIE_1_Level_1?game=/Game/FirstPersonBP/Blueprints/FirstPersonGameMode.FirstPersonGameMode_C
[2016.03.09-20.35.06:933][579]LogParticles: Destroying 0 GPU particle simulations for FXSystem 0x00000218419BC680
[2016.03.09-20.35.06:935][579]Cmd: MEM
[2016.03.09-20.35.06:957][579]LogMemory: Platform Memory Stats for Windows
[2016.03.09-20.35.06:957][579]LogMemory: Process Physical Memory: 1005.11 MB used, 1443.66 MB peak
[2016.03.09-20.35.06:957][579]LogMemory: Process Virtual Memory: 1977.21 MB used, 2261.31 MB peak
[2016.03.09-20.35.06:957][579]LogMemory: Physical Memory: 5422.96 MB used, 8060.57 MB total
[2016.03.09-20.35.06:957][579]LogMemory: Virtual Memory: 3287.04 MB used, 134217728.00 MB total
[2016.03.09-20.35.06:957][579]LogMemory: 
[2016.03.09-20.35.06:957][579]Allocator Stats for TBB: (not implemented)
[2016.03.09-20.35.06:957][579]LogLinker: Can't find file for asset '/Game/CustomStuff/UEDPIE_1_Level_1' while loading NULL.
[2016.03.09-20.35.06:962][579]LogWorld: PIE: Copying PIE streaming level from /Game/CustomStuff/Level_1.Level_1 to /Game/CustomStuff/UEDPIE_2_Level_1.Level_1. OwningWorld: None
[2016.03.09-20.35.06:963][579]LogAIModule: Creating AISystem for world Level_1
[2016.03.09-20.35.06:966][579]LogWorld: Bringing World /Game/CustomStuff/UEDPIE_2_Level_1.Level_1 up for play (max tick rate 0) at 2016.03.09-20.35.06
[2016.03.09-20.35.06:966][579]LogWorld: Bringing up level for play took: 0.002326
[2016.03.09-20.35.06:974][580]LogNet: Client netspeed is 10000
[2016.03.09-20.35.06:974][580]LogNet: Join request: /Game/MyCustomStuff/MainMenu?SplitscreenCount=1
[2016.03.09-20.35.06:996][580]LogNet: Join succeeded: 263
[2016.03.09-20.35.06:998][580]LogSpawn:Warning: SpawnActor failed because no class was specified
[2016.03.09-20.35.11:641][ 36]LogSpawn:Warning: SpawnActor failed because we are in the process of tearing down the world
[2016.03.09-20.35.11:694][ 36]LogNet: UChannel::CleanUp: [GameNetDriver] [GameplayPlayerController_C_7] [GameplayPlayerController_C_7]. ChIndex == 0. Closing connection.
[2016.03.09-20.35.11:694][ 36]LogNet: UNetConnection::Close: Name: IpConnection_7, Driver: GameNetDriver IpNetDriver_6, PC: GameplayPlayerController_C_7, Owner: GameplayPlayerController_C_7, Channels: 10, RemoteAddr: 127.0.0.1:61309, Time: 2016.03.09-20.35.11
[2016.03.09-20.35.11:694][ 36]LogNet: UChannel::Close: Sending CloseBunch. ChIndex == 0. Name: ControlChannel_7
[2016.03.09-20.35.11:694][ 36]LogNet: UChannel::CleanUp: [GameNetDriver] [GameplayPlayerController_C_8] [GameplayPlayerController_C_8]. ChIndex == 0. Closing connection.
[2016.03.09-20.35.11:694][ 36]LogNet: UNetConnection::Close: Name: IpConnection_6, Driver: GameNetDriver IpNetDriver_7, PC: GameplayPlayerController_C_8, Owner: GameplayPlayerController_C_8, Channels: 10, RemoteAddr: 127.0.0.1:7777, Time: 2016.03.09-20.35.11
[2016.03.09-20.35.11:694][ 36]LogNet: UChannel::Close: Sending CloseBunch. ChIndex == 0. Name: ControlChannel_6
[2016.03.09-20.35.11:699][ 36]LogExit: GameNetDriver None shut down
[2016.03.09-20.35.11:699][ 36]LogExit: GameNetDriver None shut down
[2016.03.09-20.35.11:700][ 36]LogParticles: Destroying 0 GPU particle simulations for FXSystem 0x0000021844620860
[2016.03.09-20.35.11:700][ 36]LogParticles: Destroying 0 GPU particle simulations for FXSystem 0x00000218419BC860
[2016.03.09-20.35.16:332][586]LogAIModule: Creating AISystem for world MainMenu
[2016.03.09-20.35.18:334][586]Cmd: OBJ SAVEPACKAGE PACKAGE="/Game/FirstPersonBP/Blueprints/FirstPersonGameMode" FILE="C:/Users/IrishMTS/Github Repo/FYPProject/Content/FirstPersonBP/Blueprints/FirstPersonGameMode.uasset" SILENT=true
[2016.03.09-20.35.18:345][586]LogSavePackage: Save=7.912591ms
[2016.03.09-20.35.18:345][586]LogSavePackage: Moving 'C:/Users/IrishMTS/Github Repo/FYPProject/Saved/FirstPersonGameMode1E85B28E4A0C68B004F1F0AD90A34A87.tmp' to 'C:/Users/IrishMTS/Github Repo/FYPProject/Content/FirstPersonBP/Blueprints/FirstPersonGameMode.uasset'
[2016.03.09-20.35.18:346][586]LogSavePackage: Total save time: 11.473183ms
[2016.03.09-20.35.18:346][586]LogSavePackage:Warning: Finished SavePackage C:/Users/IrishMTS/Github Repo/FYPProject/Content/FirstPersonBP/Blueprints/FirstPersonGameMode.uasset
[2016.03.09-20.35.18:348][586]Cmd: MAP LOAD FILE="C:/Users/IrishMTS/Github Repo/FYPProject/Content/CustomStuff/MainMenu.umap" TEMPLATE=0 SHOWPROGRESS=1 FEATURELEVEL=3
[2016.03.09-20.35.18:348][586]LightingResults: New page: Lighting Build
[2016.03.09-20.35.18:362][586]LoadErrors: New page: Loading map: MainMenu.umap
[2016.03.09-20.35.18:362][586]MapCheck: New page: Map Check
[2016.03.09-20.35.18:362][586]LightingResults: New page: Lighting Build
[2016.03.09-20.35.18:382][586]LogParticles: Destroying 0 GPU particle simulations for FXSystem 0x0000021872DC8400
[2016.03.09-20.35.18:431][586]LogEditorServer: Finished looking for orphan Actors (0.000 secs)
[2016.03.09-20.35.18:456][586]Cmd: MAP CHECKDEP NOCLEARLOG
[2016.03.09-20.35.18:507][586]MapCheck: Info Map check complete: 0 Error(s), 0 Warning(s), took 51.653ms to complete.
[2016.03.09-20.35.18:507][586]LogFileHelpers: Loading map 'MainMenu' took 0.162
[2016.03.09-20.35.19:970][757]LogBlueprintUserMessages: Early PlayInEditor Detection: Level '/Game/CustomStuff/MainMenu.MainMenu:PersistentLevel' has LevelScriptBlueprint '/Game/CustomStuff/MainMenu.MainMenu:PersistentLevel.MainMenu' with GeneratedClass '/Game/CustomStuff/MainMenu.MainMenu_C' with ClassGeneratedBy '/Game/CustomStuff/MainMenu.MainMenu:PersistentLevel.MainMenu'
[2016.03.09-20.35.19:970][757]LogPlayLevel: PlayLevel: No blueprints needed recompiling
[2016.03.09-20.35.19:973][757]PIE: New page: PIE session: MainMenu (9 Mar 2016 20:35:19)
[2016.03.09-20.35.19:973][757]LogPlayLevel: Creating play world package: /Game/CustomStuff/UEDPIE_1_MainMenu
[2016.03.09-20.35.19:977][757]LogPlayLevel: PIE: StaticDuplicateObject took: (0.004353s)
[2016.03.09-20.35.19:978][757]LogAIModule: Creating AISystem for world MainMenu
[2016.03.09-20.35.19:978][757]LogPlayLevel: PIE: World Init took: (0.000486s)
[2016.03.09-20.35.19:978][757]LogPlayLevel: PIE: Created PIE world by copying editor world from /Game/CustomStuff/MainMenu.MainMenu to /Game/CustomStuff/UEDPIE_1_MainMenu.MainMenu (0.005069s)
[2016.03.09-20.35.20:001][757]LogInit: XAudio2 using 'Speakers (Realtek High Definition Audio)' : 2 channels at 48 kHz using 32 bits per sample (channel mask 0x3)
[2016.03.09-20.35.20:008][757]LogInit: FAudioDevice initialized.
[2016.03.09-20.35.20:049][757]LogWorld: Game class is 'GameplayGameMode_C'
[2016.03.09-20.35.20:053][757]LogWorld: Bringing World /Game/CustomStuff/UEDPIE_1_MainMenu.MainMenu up for play (max tick rate 0) at 2016.03.09-20.35.20
[2016.03.09-20.35.20:053][757]LogActor:Warning: GameSession /Game/CustomStuff/UEDPIE_1_MainMenu.MainMenu:PersistentLevel.GameSession_4 has natively added scene component(s), but none of them were set as the actor's RootComponent - picking one arbitrarily
[2016.03.09-20.35.20:053][757]LogActor:Warning: GameNetworkManager /Game/CustomStuff/UEDPIE_1_MainMenu.MainMenu:PersistentLevel.GameNetworkManager_4 has natively added scene component(s), but none of them were set as the actor's RootComponent - picking one arbitrarily
[2016.03.09-20.35.20:054][757]LogWorld: Bringing up level for play took: 0.003497
[2016.03.09-20.35.20:055][757]LogInit: WinSock: Socket queue 131072 / 131072
[2016.03.09-20.35.20:055][757]LogNet: GameNetDriver IpNetDriver_8 IpNetDriver listening on port 7777
[2016.03.09-20.35.20:069][757]PIE: Info Play in editor start time for /Game/CustomStuff/UEDPIE_1_MainMenu -0.071
[2016.03.09-20.35.20:072][757]PIE: New page: PIE session: MainMenu (9 Mar 2016 20:35:20)
[2016.03.09-20.35.20:114][757]LogNet: Browse: 127.0.0.1//Game/MyCustomStuff/MainMenu
[2016.03.09-20.35.20:114][757]LogInit: WinSock: Socket queue 32768 / 32768
[2016.03.09-20.35.20:115][757]LogNet: Game client on port 7777, rate 10000
[2016.03.09-20.35.20:115][757]LogNet: GetLocalNetworkVersion: GEngineNetVersion: 2707645, ProjectName: fypproject, ProjectVersion: 1.0.0.0, InternalProtocolVersion: 9, LocalNetworkVersion: 4207154102
[2016.03.09-20.35.20:130][757]PIE: Info Play in editor start time for /Game/MyCustomStuff/MainMenu -0.01
[2016.03.09-20.35.20:133][757]LogBlueprintUserMessages: Late PlayInEditor Detection: Level '/Game/CustomStuff/MainMenu.MainMenu:PersistentLevel' has LevelScriptBlueprint '/Game/CustomStuff/MainMenu.MainMenu:PersistentLevel.MainMenu' with GeneratedClass '/Game/CustomStuff/MainMenu.MainMenu_C' with ClassGeneratedBy '/Game/CustomStuff/MainMenu.MainMenu:PersistentLevel.MainMenu'
[2016.03.09-20.35.20:133][757]LogNet: NotifyAcceptingConnection: Server MainMenu accept
[2016.03.09-20.35.20:133][757]LogNet: Open MainMenu 03/09/16 20:35:20 127.0.0.1
[2016.03.09-20.35.20:133][757]LogNet: Added client connection.  Remote address = 127.0.0.1:52033
[2016.03.09-20.35.20:133][757]LogNet: NotifyAcceptingChannel Control 0 server World /Game/CustomStuff/UEDPIE_1_MainMenu.MainMenu: Accepted
[2016.03.09-20.35.20:133][757]LogNet: Remote platform little endian=1
[2016.03.09-20.35.20:133][757]LogNet: This platform little endian=1
[2016.03.09-20.35.20:133][757]LogNet: GetLocalNetworkVersion: GEngineNetVersion: 2707645, ProjectName: fypproject, ProjectVersion: 1.0.0.0, InternalProtocolVersion: 9, LocalNetworkVersion: 4207154102
[2016.03.09-20.35.20:156][758]LogNet: Login request: /Game/MyCustomStuff/MainMenu userId: Invalid
[2016.03.09-20.35.20:158][758]LogNet: Welcomed by server (Level: /Game/CustomStuff/UEDPIE_1_MainMenu, Game: /Game/CustomStuff/GamePlayGameMode.GameplayGameMode_C)
[2016.03.09-20.35.20:188][758]LogLoad: LoadMap: 127.0.0.1//Game/CustomStuff/UEDPIE_1_MainMenu?game=/Game/CustomStuff/GamePlayGameMode.GameplayGameMode_C
[2016.03.09-20.35.20:208][758]LogParticles: Destroying 0 GPU particle simulations for FXSystem 0x00000218201B6160
[2016.03.09-20.35.20:212][758]Cmd: MEM
[2016.03.09-20.35.20:233][758]LogMemory: Platform Memory Stats for Windows
[2016.03.09-20.35.20:233][758]LogMemory: Process Physical Memory: 1006.65 MB used, 1443.66 MB peak
[2016.03.09-20.35.20:233][758]LogMemory: Process Virtual Memory: 2002.64 MB used, 2261.31 MB peak
[2016.03.09-20.35.20:233][758]LogMemory: Physical Memory: 543